15:29:14 **** Build of configuration Debug for project lab2 ****
make -j16 all 
arm-none-eabi-gcc "../Drivers/STM32F4xx_HAL_Driver/Src/stm32f4xx_hal.c" -mcpu=cortex-m4 -std=gnu11 -g3 -DDEBUG -DUSE_HAL_DRIVER -DSTM32F407xx -c -I../Core/Inc -I../Drivers/STM32F4xx_HAL_Driver/Inc -I../Drivers/STM32F4xx_HAL_Driver/Inc/Legacy -I../Drivers/CMSIS/Device/ST/STM32F4xx/Include -I../Drivers/CMSIS/Include -O0 -ffunction-sections -fdata-sections -Wall -fstack-usage -MMD -MP -MF"Drivers/STM32F4xx_HAL_Driver/Src/stm32f4xx_hal.d" -MT"Drivers/STM32F4xx_HAL_Driver/Src/stm32f4xx_hal.o" --specs=nano.specs -mfpu=fpv4-sp-d16 -mfloat-abi=hard -mthumb -o "Drivers/STM32F4xx_HAL_Driver/Src/stm32f4xx_hal.o"
arm-none-eabi-gcc "../Drivers/STM32F4xx_HAL_Driver/Src/stm32f4xx_hal_cortex.c" -mcpu=cortex-m4 -std=gnu11 -g3 -DDEBUG -DUSE_HAL_DRIVER -DSTM32F407xx -c -I../Core/Inc -I../Drivers/STM32F4xx_HAL_Driver/Inc -I../Drivers/STM32F4xx_HAL_Driver/Inc/Legacy -I../Drivers/CMSIS/Device/ST/STM32F4xx/Include -I../Drivers/CMSIS/Include -O0 -ffunction-sections -fdata-sections -Wall -fstack-usage -MMD -MP -MF"Drivers/STM32F4xx_HAL_Driver/Src/stm32f4xx_hal_cortex.d" -MT"Drivers/STM32F4xx_HAL_Driver/Src/stm32f4xx_hal_cortex.o" --specs=nano.specs -mfpu=fpv4-sp-d16 -mfloat-abi=hard -mthumb -o "Drivers/STM32F4xx_HAL_Driver/Src/stm32f4xx_hal_cortex.o"
arm-none-eabi-gcc "../Drivers/STM32F4xx_HAL_Driver/Src/stm32f4xx_hal_dma.c" -mcpu=cortex-m4 -std=gnu11 -g3 -DDEBUG -DUSE_HAL_DRIVER -DSTM32F407xx -c -I../Core/Inc -I../Drivers/STM32F4xx_HAL_Driver/Inc -I../Drivers/STM32F4xx_HAL_Driver/Inc/Legacy -I../Drivers/CMSIS/Device/ST/STM32F4xx/Include -I../Drivers/CMSIS/Include -O0 -ffunction-sections -fdata-sections -Wall -fstack-usage -MMD -MP -MF"Drivers/STM32F4xx_HAL_Driver/Src/stm32f4xx_hal_dma.d" -MT"Drivers/STM32F4xx_HAL_Driver/Src/stm32f4xx_hal_dma.o" --specs=nano.specs -mfpu=fpv4-sp-d16 -mfloat-abi=hard -mthumb -o "Drivers/STM32F4xx_HAL_Driver/Src/stm32f4xx_hal_dma.o"
arm-none-eabi-gcc "../Drivers/STM32F4xx_HAL_Driver/Src/stm32f4xx_hal_dma_ex.c" -mcpu=cortex-m4 -std=gnu11 -g3 -DDEBUG -DUSE_HAL_DRIVER -DSTM32F407xx -c -I../Core/Inc -I../Drivers/STM32F4xx_HAL_Driver/Inc -I../Drivers/STM32F4xx_HAL_Driver/Inc/Legacy -I../Drivers/CMSIS/Device/ST/STM32F4xx/Include -I../Drivers/CMSIS/Include -O0 -ffunction-sections -fdata-sections -Wall -fstack-usage -MMD -MP -MF"Drivers/STM32F4xx_HAL_Driver/Src/stm32f4xx_hal_dma_ex.d" -MT"Drivers/STM32F4xx_HAL_Driver/Src/stm32f4xx_hal_dma_ex.o" --specs=nano.specs -mfpu=fpv4-sp-d16 -mfloat-abi=hard -mthumb -o "Drivers/STM32F4xx_HAL_Driver/Src/stm32f4xx_hal_dma_ex.o"
arm-none-eabi-gcc "../Drivers/STM32F4xx_HAL_Driver/Src/stm32f4xx_hal_exti.c" -mcpu=cortex-m4 -std=gnu11 -g3 -DDEBUG -DUSE_HAL_DRIVER -DSTM32F407xx -c -I../Core/Inc -I../Drivers/STM32F4xx_HAL_Driver/Inc -I../Drivers/STM32F4xx_HAL_Driver/Inc/Legacy -I../Drivers/CMSIS/Device/ST/STM32F4xx/Include -I../Drivers/CMSIS/Include -O0 -ffunction-sections -fdata-sections -Wall -fstack-usage -MMD -MP -MF"Drivers/STM32F4xx_HAL_Driver/Src/stm32f4xx_hal_exti.d" -MT"Drivers/STM32F4xx_HAL_Driver/Src/stm32f4xx_hal_exti.o" --specs=nano.specs -mfpu=fpv4-sp-d16 -mfloat-abi=hard -mthumb -o "Drivers/STM32F4xx_HAL_Driver/Src/stm32f4xx_hal_exti.o"
arm-none-eabi-gcc "../Drivers/STM32F4xx_HAL_Driver/Src/stm32f4xx_hal_flash.c" -mcpu=cortex-m4 -std=gnu11 -g3 -DDEBUG -DUSE_HAL_DRIVER -DSTM32F407xx -c -I../Core/Inc -I../Drivers/STM32F4xx_HAL_Driver/Inc -I../Drivers/STM32F4xx_HAL_Driver/Inc/Legacy -I../Drivers/CMSIS/Device/ST/STM32F4xx/Include -I../Drivers/CMSIS/Include -O0 -ffunction-sections -fdata-sections -Wall -fstack-usage -MMD -MP -MF"Drivers/STM32F4xx_HAL_Driver/Src/stm32f4xx_hal_flash.d" -MT"Drivers/STM32F4xx_HAL_Driver/Src/stm32f4xx_hal_flash.o" --specs=nano.specs -mfpu=fpv4-sp-d16 -mfloat-abi=hard -mthumb -o "Drivers/STM32F4xx_HAL_Driver/Src/stm32f4xx_hal_flash.o"
arm-none-eabi-gcc "../Drivers/STM32F4xx_HAL_Driver/Src/stm32f4xx_hal_flash_ex.c" -mcpu=cortex-m4 -std=gnu11 -g3 -DDEBUG -DUSE_HAL_DRIVER -DSTM32F407xx -c -I../Core/Inc -I../Drivers/STM32F4xx_HAL_Driver/Inc -I../Drivers/STM32F4xx_HAL_Driver/Inc/Legacy -I../Drivers/CMSIS/Device/ST/STM32F4xx/Include -I../Drivers/CMSIS/Include -O0 -ffunction-sections -fdata-sections -Wall -fstack-usage -MMD -MP -MF"Drivers/STM32F4xx_HAL_Driver/Src/stm32f4xx_hal_flash_ex.d" -MT"Drivers/STM32F4xx_HAL_Driver/Src/stm32f4xx_hal_flash_ex.o" --specs=nano.specs -mfpu=fpv4-sp-d16 -mfloat-abi=hard -mthumb -o "Drivers/STM32F4xx_HAL_Driver/Src/stm32f4xx_hal_flash_ex.o"
arm-none-eabi-gcc "../Drivers/STM32F4xx_HAL_Driver/Src/stm32f4xx_hal_flash_ramfunc.c" -mcpu=cortex-m4 -std=gnu11 -g3 -DDEBUG -DUSE_HAL_DRIVER -DSTM32F407xx -c -I../Core/Inc -I../Drivers/STM32F4xx_HAL_Driver/Inc -I../Drivers/STM32F4xx_HAL_Driver/Inc/Legacy -I../Drivers/CMSIS/Device/ST/STM32F4xx/Include -I../Drivers/CMSIS/Include -O0 -ffunction-sections -fdata-sections -Wall -fstack-usage -MMD -MP -MF"Drivers/STM32F4xx_HAL_Driver/Src/stm32f4xx_hal_flash_ramfunc.d" -MT"Drivers/STM32F4xx_HAL_Driver/Src/stm32f4xx_hal_flash_ramfunc.o" --specs=nano.specs -mfpu=fpv4-sp-d16 -mfloat-abi=hard -mthumb -o "Drivers/STM32F4xx_HAL_Driver/Src/stm32f4xx_hal_flash_ramfunc.o"
arm-none-eabi-gcc "../Drivers/STM32F4xx_HAL_Driver/Src/stm32f4xx_hal_gpio.c" -mcpu=cortex-m4 -std=gnu11 -g3 -DDEBUG -DUSE_HAL_DRIVER -DSTM32F407xx -c -I../Core/Inc -I../Drivers/STM32F4xx_HAL_Driver/Inc -I../Drivers/STM32F4xx_HAL_Driver/Inc/Legacy -I../Drivers/CMSIS/Device/ST/STM32F4xx/Include -I../Drivers/CMSIS/Include -O0 -ffunction-sections -fdata-sections -Wall -fstack-usage -MMD -MP -MF"Drivers/STM32F4xx_HAL_Driver/Src/stm32f4xx_hal_gpio.d" -MT"Drivers/STM32F4xx_HAL_Driver/Src/stm32f4xx_hal_gpio.o" --specs=nano.specs -mfpu=fpv4-sp-d16 -mfloat-abi=hard -mthumb -o "Drivers/STM32F4xx_HAL_Driver/Src/stm32f4xx_hal_gpio.o"
arm-none-eabi-gcc "../Drivers/STM32F4xx_HAL_Driver/Src/stm32f4xx_hal_i2c.c" -mcpu=cortex-m4 -std=gnu11 -g3 -DDEBUG -DUSE_HAL_DRIVER -DSTM32F407xx -c -I../Core/Inc -I../Drivers/STM32F4xx_HAL_Driver/Inc -I../Drivers/STM32F4xx_HAL_Driver/Inc/Legacy -I../Drivers/CMSIS/Device/ST/STM32F4xx/Include -I../Drivers/CMSIS/Include -O0 -ffunction-sections -fdata-sections -Wall -fstack-usage -MMD -MP -MF"Drivers/STM32F4xx_HAL_Driver/Src/stm32f4xx_hal_i2c.d" -MT"Drivers/STM32F4xx_HAL_Driver/Src/stm32f4xx_hal_i2c.o" --specs=nano.specs -mfpu=fpv4-sp-d16 -mfloat-abi=hard -mthumb -o "Drivers/STM32F4xx_HAL_Driver/Src/stm32f4xx_hal_i2c.o"
arm-none-eabi-gcc "../Drivers/STM32F4xx_HAL_Driver/Src/stm32f4xx_hal_i2c_ex.c" -mcpu=cortex-m4 -std=gnu11 -g3 -DDEBUG -DUSE_HAL_DRIVER -DSTM32F407xx -c -I../Core/Inc -I../Drivers/STM32F4xx_HAL_Driver/Inc -I../Drivers/STM32F4xx_HAL_Driver/Inc/Legacy -I../Drivers/CMSIS/Device/ST/STM32F4xx/Include -I../Drivers/CMSIS/Include -O0 -ffunction-sections -fdata-sections -Wall -fstack-usage -MMD -MP -MF"Drivers/STM32F4xx_HAL_Driver/Src/stm32f4xx_hal_i2c_ex.d" -MT"Drivers/STM32F4xx_HAL_Driver/Src/stm32f4xx_hal_i2c_ex.o" --specs=nano.specs -mfpu=fpv4-sp-d16 -mfloat-abi=hard -mthumb -o "Drivers/STM32F4xx_HAL_Driver/Src/stm32f4xx_hal_i2c_ex.o"
arm-none-eabi-gcc "../Drivers/STM32F4xx_HAL_Driver/Src/stm32f4xx_hal_pwr.c" -mcpu=cortex-m4 -std=gnu11 -g3 -DDEBUG -DUSE_HAL_DRIVER -DSTM32F407xx -c -I../Core/Inc -I../Drivers/STM32F4xx_HAL_Driver/Inc -I../Drivers/STM32F4xx_HAL_Driver/Inc/Legacy -I../Drivers/CMSIS/Device/ST/STM32F4xx/Include -I../Drivers/CMSIS/Include -O0 -ffunction-sections -fdata-sections -Wall -fstack-usage -MMD -MP -MF"Drivers/STM32F4xx_HAL_Driver/Src/stm32f4xx_hal_pwr.d" -MT"Drivers/STM32F4xx_HAL_Driver/Src/stm32f4xx_hal_pwr.o" --specs=nano.specs -mfpu=fpv4-sp-d16 -mfloat-abi=hard -mthumb -o "Drivers/STM32F4xx_HAL_Driver/Src/stm32f4xx_hal_pwr.o"
arm-none-eabi-gcc "../Drivers/STM32F4xx_HAL_Driver/Src/stm32f4xx_hal_pwr_ex.c" -mcpu=cortex-m4 -std=gnu11 -g3 -DDEBUG -DUSE_HAL_DRIVER -DSTM32F407xx -c -I../Core/Inc -I../Drivers/STM32F4xx_HAL_Driver/Inc -I../Drivers/STM32F4xx_HAL_Driver/Inc/Legacy -I../Drivers/CMSIS/Device/ST/STM32F4xx/Include -I../Drivers/CMSIS/Include -O0 -ffunction-sections -fdata-sections -Wall -fstack-usage -MMD -MP -MF"Drivers/STM32F4xx_HAL_Driver/Src/stm32f4xx_hal_pwr_ex.d" -MT"Drivers/STM32F4xx_HAL_Driver/Src/stm32f4xx_hal_pwr_ex.o" --specs=nano.specs -mfpu=fpv4-sp-d16 -mfloat-abi=hard -mthumb -o "Drivers/STM32F4xx_HAL_Driver/Src/stm32f4xx_hal_pwr_ex.o"
arm-none-eabi-gcc "../Drivers/STM32F4xx_HAL_Driver/Src/stm32f4xx_hal_rcc.c" -mcpu=cortex-m4 -std=gnu11 -g3 -DDEBUG -DUSE_HAL_DRIVER -DSTM32F407xx -c -I../Core/Inc -I../Drivers/STM32F4xx_HAL_Driver/Inc -I../Drivers/STM32F4xx_HAL_Driver/Inc/Legacy -I../Drivers/CMSIS/Device/ST/STM32F4xx/Include -I../Drivers/CMSIS/Include -O0 -ffunction-sections -fdata-sections -Wall -fstack-usage -MMD -MP -MF"Drivers/STM32F4xx_HAL_Driver/Src/stm32f4xx_hal_rcc.d" -MT"Drivers/STM32F4xx_HAL_Driver/Src/stm32f4xx_hal_rcc.o" --specs=nano.specs -mfpu=fpv4-sp-d16 -mfloat-abi=hard -mthumb -o "Drivers/STM32F4xx_HAL_Driver/Src/stm32f4xx_hal_rcc.o"
arm-none-eabi-gcc "../Drivers/STM32F4xx_HAL_Driver/Src/stm32f4xx_hal_rcc_ex.c" -mcpu=cortex-m4 -std=gnu11 -g3 -DDEBUG -DUSE_HAL_DRIVER -DSTM32F407xx -c -I../Core/Inc -I../Drivers/STM32F4xx_HAL_Driver/Inc -I../Drivers/STM32F4xx_HAL_Driver/Inc/Legacy -I../Drivers/CMSIS/Device/ST/STM32F4xx/Include -I../Drivers/CMSIS/Include -O0 -ffunction-sections -fdata-sections -Wall -fstack-usage -MMD -MP -MF"Drivers/STM32F4xx_HAL_Driver/Src/stm32f4xx_hal_rcc_ex.d" -MT"Drivers/STM32F4xx_HAL_Driver/Src/stm32f4xx_hal_rcc_ex.o" --specs=nano.specs -mfpu=fpv4-sp-d16 -mfloat-abi=hard -mthumb -o "Drivers/STM32F4xx_HAL_Driver/Src/stm32f4xx_hal_rcc_ex.o"
arm-none-eabi-gcc "../Drivers/STM32F4xx_HAL_Driver/Src/stm32f4xx_hal_tim.c" -mcpu=cortex-m4 -std=gnu11 -g3 -DDEBUG -DUSE_HAL_DRIVER -DSTM32F407xx -c -I../Core/Inc -I../Drivers/STM32F4xx_HAL_Driver/Inc -I../Drivers/STM32F4xx_HAL_Driver/Inc/Legacy -I../Drivers/CMSIS/Device/ST/STM32F4xx/Include -I../Drivers/CMSIS/Include -O0 -ffunction-sections -fdata-sections -Wall -fstack-usage -MMD -MP -MF"Drivers/STM32F4xx_HAL_Driver/Src/stm32f4xx_hal_tim.d" -MT"Drivers/STM32F4xx_HAL_Driver/Src/stm32f4xx_hal_tim.o" --specs=nano.specs -mfpu=fpv4-sp-d16 -mfloat-abi=hard -mthumb -o "Drivers/STM32F4xx_HAL_Driver/Src/stm32f4xx_hal_tim.o"
arm-none-eabi-gcc "../Drivers/STM32F4xx_HAL_Driver/Src/stm32f4xx_hal_tim_ex.c" -mcpu=cortex-m4 -std=gnu11 -g3 -DDEBUG -DUSE_HAL_DRIVER -DSTM32F407xx -c -I../Core/Inc -I../Drivers/STM32F4xx_HAL_Driver/Inc -I../Drivers/STM32F4xx_HAL_Driver/Inc/Legacy -I../Drivers/CMSIS/Device/ST/STM32F4xx/Include -I../Drivers/CMSIS/Include -O0 -ffunction-sections -fdata-sections -Wall -fstack-usage -MMD -MP -MF"Drivers/STM32F4xx_HAL_Driver/Src/stm32f4xx_hal_tim_ex.d" -MT"Drivers/STM32F4xx_HAL_Driver/Src/stm32f4xx_hal_tim_ex.o" --specs=nano.specs -mfpu=fpv4-sp-d16 -mfloat-abi=hard -mthumb -o "Drivers/STM32F4xx_HAL_Driver/Src/stm32f4xx_hal_tim_ex.o"
arm-none-eabi-gcc "../Drivers/STM32F4xx_HAL_Driver/Src/stm32f4xx_hal_uart.c" -mcpu=cortex-m4 -std=gnu11 -g3 -DDEBUG -DUSE_HAL_DRIVER -DSTM32F407xx -c -I../Core/Inc -I../Drivers/STM32F4xx_HAL_Driver/Inc -I../Drivers/STM32F4xx_HAL_Driver/Inc/Legacy -I../Drivers/CMSIS/Device/ST/STM32F4xx/Include -I../Drivers/CMSIS/Include -O0 -ffunction-sections -fdata-sections -Wall -fstack-usage -MMD -MP -MF"Drivers/STM32F4xx_HAL_Driver/Src/stm32f4xx_hal_uart.d" -MT"Drivers/STM32F4xx_HAL_Driver/Src/stm32f4xx_hal_uart.o" --specs=nano.specs -mfpu=fpv4-sp-d16 -mfloat-abi=hard -mthumb -o "Drivers/STM32F4xx_HAL_Driver/Src/stm32f4xx_hal_uart.o"
arm-none-eabi-gcc -mcpu=cortex-m4 -g3 -DDEBUG -c -x assembler-with-cpp -MMD -MP -MF"Core/Startup/startup_stm32f407vetx.d" -MT"Core/Startup/startup_stm32f407vetx.o" --specs=nano.specs -mfpu=fpv4-sp-d16 -mfloat-abi=hard -mthumb -o "Core/Startup/startup_stm32f407vetx.o" "../Core/Startup/startup_stm32f407vetx.s"
arm-none-eabi-gcc "../Core/Src/IMU.c" -mcpu=cortex-m4 -std=gnu11 -g3 -DDEBUG -DUSE_HAL_DRIVER -DSTM32F407xx -c -I../Core/Inc -I../Drivers/STM32F4xx_HAL_Driver/Inc -I../Drivers/STM32F4xx_HAL_Driver/Inc/Legacy -I../Drivers/CMSIS/Device/ST/STM32F4xx/Include -I../Drivers/CMSIS/Include -O0 -ffunction-sections -fdata-sections -Wall -fstack-usage -MMD -MP -MF"Core/Src/IMU.d" -MT"Core/Src/IMU.o" --specs=nano.specs -mfpu=fpv4-sp-d16 -mfloat-abi=hard -mthumb -o "Core/Src/IMU.o"
arm-none-eabi-gcc "../Core/Src/main.c" -mcpu=cortex-m4 -std=gnu11 -g3 -DDEBUG -DUSE_HAL_DRIVER -DSTM32F407xx -c -I../Core/Inc -I../Drivers/STM32F4xx_HAL_Driver/Inc -I../Drivers/STM32F4xx_HAL_Driver/Inc/Legacy -I../Drivers/CMSIS/Device/ST/STM32F4xx/Include -I../Drivers/CMSIS/Include -O0 -ffunction-sections -fdata-sections -Wall -fstack-usage -MMD -MP -MF"Core/Src/main.d" -MT"Core/Src/main.o" --specs=nano.specs -mfpu=fpv4-sp-d16 -mfloat-abi=hard -mthumb -o "Core/Src/main.o"
arm-none-eabi-gcc "../Core/Src/stm32f4xx_hal_msp.c" -mcpu=cortex-m4 -std=gnu11 -g3 -DDEBUG -DUSE_HAL_DRIVER -DSTM32F407xx -c -I../Core/Inc -I../Drivers/STM32F4xx_HAL_Driver/Inc -I../Drivers/STM32F4xx_HAL_Driver/Inc/Legacy -I../Drivers/CMSIS/Device/ST/STM32F4xx/Include -I../Drivers/CMSIS/Include -O0 -ffunction-sections -fdata-sections -Wall -fstack-usage -MMD -MP -MF"Core/Src/stm32f4xx_hal_msp.d" -MT"Core/Src/stm32f4xx_hal_msp.o" --specs=nano.specs -mfpu=fpv4-sp-d16 -mfloat-abi=hard -mthumb -o "Core/Src/stm32f4xx_hal_msp.o"
arm-none-eabi-gcc "../Core/Src/stm32f4xx_it.c" -mcpu=cortex-m4 -std=gnu11 -g3 -DDEBUG -DUSE_HAL_DRIVER -DSTM32F407xx -c -I../Core/Inc -I../Drivers/STM32F4xx_HAL_Driver/Inc -I../Drivers/STM32F4xx_HAL_Driver/Inc/Legacy -I../Drivers/CMSIS/Device/ST/STM32F4xx/Include -I../Drivers/CMSIS/Include -O0 -ffunction-sections -fdata-sections -Wall -fstack-usage -MMD -MP -MF"Core/Src/stm32f4xx_it.d" -MT"Core/Src/stm32f4xx_it.o" --specs=nano.specs -mfpu=fpv4-sp-d16 -mfloat-abi=hard -mthumb -o "Core/Src/stm32f4xx_it.o"
arm-none-eabi-gcc "../Core/Src/syscalls.c" -mcpu=cortex-m4 -std=gnu11 -g3 -DDEBUG -DUSE_HAL_DRIVER -DSTM32F407xx -c -I../Core/Inc -I../Drivers/STM32F4xx_HAL_Driver/Inc -I../Drivers/STM32F4xx_HAL_Driver/Inc/Legacy -I../Drivers/CMSIS/Device/ST/STM32F4xx/Include -I../Drivers/CMSIS/Include -O0 -ffunction-sections -fdata-sections -Wall -fstack-usage -MMD -MP -MF"Core/Src/syscalls.d" -MT"Core/Src/syscalls.o" --specs=nano.specs -mfpu=fpv4-sp-d16 -mfloat-abi=hard -mthumb -o "Core/Src/syscalls.o"
arm-none-eabi-gcc "../Core/Src/sysmem.c" -mcpu=cortex-m4 -std=gnu11 -g3 -DDEBUG -DUSE_HAL_DRIVER -DSTM32F407xx -c -I../Core/Inc -I../Drivers/STM32F4xx_HAL_Driver/Inc -I../Drivers/STM32F4xx_HAL_Driver/Inc/Legacy -I../Drivers/CMSIS/Device/ST/STM32F4xx/Include -I../Drivers/CMSIS/Include -O0 -ffunction-sections -fdata-sections -Wall -fstack-usage -MMD -MP -MF"Core/Src/sysmem.d" -MT"Core/Src/sysmem.o" --specs=nano.specs -mfpu=fpv4-sp-d16 -mfloat-abi=hard -mthumb -o "Core/Src/sysmem.o"
arm-none-eabi-gcc "../Core/Src/system_stm32f4xx.c" -mcpu=cortex-m4 -std=gnu11 -g3 -DDEBUG -DUSE_HAL_DRIVER -DSTM32F407xx -c -I../Core/Inc -I../Drivers/STM32F4xx_HAL_Driver/Inc -I../Drivers/STM32F4xx_HAL_Driver/Inc/Legacy -I../Drivers/CMSIS/Device/ST/STM32F4xx/Include -I../Drivers/CMSIS/Include -O0 -ffunction-sections -fdata-sections -Wall -fstack-usage -MMD -MP -MF"Core/Src/system_stm32f4xx.d" -MT"Core/Src/system_stm32f4xx.o" --specs=nano.specs -mfpu=fpv4-sp-d16 -mfloat-abi=hard -mthumb -o "Core/Src/system_stm32f4xx.o"
../Core/Src/main.c:21:10: fatal error: IMU20948.h: No such file or directory
   21 | #include "IMU20948.h"
      |          ^~~~~~~~~~~~
compilation terminated.
make: *** [Core/Src/subdir.mk:37: Core/Src/main.o] Error 1
make: *** Waiting for unfinished jobs....
../Core/Src/IMU.c: In function 'IMU_Initialise':
../Core/Src/IMU.c:40:16: warning: function returns address of local variable [-Wreturn-local-addr]
   40 |         return &uartbuf[0];
      |                ^~~~~~~~~~~
../Core/Src/IMU.c:49:16: warning: function returns address of local variable [-Wreturn-local-addr]
   49 |         return &uartbuf[0];
      |                ^~~~~~~~~~~
../Core/Src/IMU.c:54:15: warning: pointer targets in passing argument 1 of 'strcpy' differ in signedness [-Wpointer-sign]
   54 |        strcpy(uartbuf, hex); // copy back to buf
      |               ^~~~~~~
      |               |
      |               uint8_t * {aka unsigned char *}
In file included from ../Core/Src/IMU.c:2:
c:\st\stm32cubeide_1.9.0\stm32cubeide\plugins\com.st.stm32cube.ide.mcu.externaltools.gnu-tools-for-stm32.10.3-2021.10.win32_1.0.0.202111181127\tools\arm-none-eabi\include\string.h:38:16: note: expected 'char * restrict' but argument is of type 'uint8_t *' {aka 'unsigned char *'}
   38 | char  *strcpy (char *__restrict, const char *__restrict);
      |                ^
../Core/Src/IMU.c:75:16: warning: function returns address of local variable [-Wreturn-local-addr]
   75 |         return &uartbuf[0];
      |                ^~~~~~~~~~~
../Core/Src/IMU.c:80:16: warning: function returns address of local variable [-Wreturn-local-addr]
   80 |         return &uartbuf[0];
      |                ^~~~~~~~~~~
../Core/Src/IMU.c:86:16: warning: function returns address of local variable [-Wreturn-local-addr]
   86 |         return &uartbuf[0];
      |                ^~~~~~~~~~~
../Core/Src/IMU.c:95:16: warning: function returns address of local variable [-Wreturn-local-addr]
   95 |         return &uartbuf[0];
      |                ^~~~~~~~~~~
../Core/Src/IMU.c:102:16: warning: function returns address of local variable [-Wreturn-local-addr]
  102 |         return &uartbuf[0];
      |                ^~~~~~~~~~~
../Core/Src/IMU.c:113:16: warning: function returns address of local variable [-Wreturn-local-addr]
  113 |         return &uartbuf[0];
      |                ^~~~~~~~~~~
../Core/Src/IMU.c:118:16: warning: function returns address of local variable [-Wreturn-local-addr]
  118 |         return &uartbuf[0];
      |                ^~~~~~~~~~~
../Core/Src/IMU.c:123:16: warning: function returns address of local variable [-Wreturn-local-addr]
  123 |         return &uartbuf[0];
      |                ^~~~~~~~~~~
../Core/Src/IMU.c:130:16: warning: function returns address of local variable [-Wreturn-local-addr]
  130 |         return &uartbuf[0];
      |                ^~~~~~~~~~~
../Core/Src/IMU.c:137:16: warning: function returns address of local variable [-Wreturn-local-addr]
  137 |         return &uartbuf[0];
      |                ^~~~~~~~~~~
../Core/Src/IMU.c:148:16: warning: function returns address of local variable [-Wreturn-local-addr]
  148 |         return &uartbuf[0];
      |                ^~~~~~~~~~~
../Core/Src/IMU.c: In function 'IMU_TempRead':
../Core/Src/IMU.c:179:13: warning: unused variable 'tempC' [-Wunused-variable]
  179 |     int32_t tempC;// temperature in deg C, with sensitivity 333.87.   Offset value 0 = 21 deg C
      |             ^~~~~
../Core/Src/IMU.c: In function 'Gyro_calibrate':
../Core/Src/IMU.c:251:42: warning: suggest parentheses around arithmetic in operand of '|' [-Wparentheses]
  251 |      gyroRaw[1] = (u8Buf[1]<<8)|u8Buf[0] + gyroRaw[1];
      |                                 ~~~~~~~~~^~~~~~~~~~~~
../Core/Src/IMU.c:255:42: warning: suggest parentheses around arithmetic in operand of '|' [-Wparentheses]
  255 |      gyroRaw[2] = (u8Buf[1]<<8)|u8Buf[0] + gyroRaw[2];
      |                                 ~~~~~~~~~^~~~~~~~~~~~
../Core/Src/IMU.c: In function 'IMU_GyroRead':
../Core/Src/IMU.c:278:41: warning: suggest parentheses around arithmetic in operand of '|' [-Wparentheses]
  278 |     gyroRaw[1] = (u8Buf[1]<<8)|u8Buf[0] -  gyro_offset[1];
      |                                ~~~~~~~~~^~~~~~~~~~~~~~~~~
../Core/Src/IMU.c:284:41: warning: suggest parentheses around arithmetic in operand of '|' [-Wparentheses]
  284 |     gyroRaw[2] = (u8Buf[1]<<8)|u8Buf[0] -  gyro_offset[2];
      |                                ~~~~~~~~~^~~~~~~~~~~~~~~~~
../Core/Src/IMU.c:291:41: warning: suggest parentheses around arithmetic in operand of '|' [-Wparentheses]
  291 |     gyroRaw[0] = (u8Buf[1]<<8)|u8Buf[0] - gyro_offset[0];
      |                                ~~~~~~~~~^~~~~~~~~~~~~~~~
../Core/Src/IMU.c:273:13: warning: variable 'temp' set but not used [-Wunused-but-set-variable]
  273 |     int16_t temp;
      |             ^~~~
../Core/Src/IMU.c:272:13: warning: variable 'gyroDiff' set but not used [-Wunused-but-set-variable]
  272 |     int16_t gyroDiff[3];
      |             ^~~~~~~~
../Core/Src/IMU.c: In function 'IMU_TempRead':
../Core/Src/IMU.c:185:1: warning: control reaches end of non-void function [-Wreturn-type]
  185 | }
      | ^
"make -j16 all" terminated with exit code 2. Build might be incomplete.
15:29:29 **** Incremental Build of configuration Debug for project lab2 ****
make -j16 all 
arm-none-eabi-gcc "../Core/Src/main.c" -mcpu=cortex-m4 -std=gnu11 -g3 -DDEBUG -DUSE_HAL_DRIVER -DSTM32F407xx -c -I../Core/Inc -I../Drivers/STM32F4xx_HAL_Driver/Inc -I../Drivers/STM32F4xx_HAL_Driver/Inc/Legacy -I../Drivers/CMSIS/Device/ST/STM32F4xx/Include -I../Drivers/CMSIS/Include -O0 -ffunction-sections -fdata-sections -Wall -fstack-usage -MMD -MP -MF"Core/Src/main.d" -MT"Core/Src/main.o" --specs=nano.specs -mfpu=fpv4-sp-d16 -mfloat-abi=hard -mthumb -o "Core/Src/main.o"
../Core/Src/main.c: In function 'main':
../Core/Src/main.c:97:3: warning: implicit declaration of function 'IMU_Initialise' [-Wimplicit-function-declaration]
   97 |   IMU_Initialise(&imu,&hi2c1,&huart3);
      |   ^~~~~~~~~~~~~~
../Core/Src/main.c:107:4: warning: implicit declaration of function 'IMU_AccelRead' [-Wimplicit-function-declaration]
  107 |    IMU_AccelRead(&imu);
      |    ^~~~~~~~~~~~~
../Core/Src/main.c:108:7: warning: implicit declaration of function 'IMU_GyroRead'; did you mean 'IMU_TempRead'? [-Wimplicit-function-declaration]
  108 |       IMU_GyroRead(&imu);
      |       ^~~~~~~~~~~~
      |       IMU_TempRead
../Core/Src/main.c:109:16: warning: implicit declaration of function 'atan' [-Wimplicit-function-declaration]
  109 |       pitchA = atan(imu.acc[1]/imu.acc[2]);
      |                ^~~~
../Core/Src/main.c:109:16: warning: incompatible implicit declaration of built-in function 'atan'
../Core/Src/main.c:22:1: note: include '<math.h>' or provide a declaration of 'atan'
   21 | #include "ICM20948.h"
  +++ |+#include <math.h>
   22 | 
../Core/Src/main.c:121:7: warning: implicit declaration of function 'sprintf' [-Wimplicit-function-declaration]
  121 |       sprintf(&temp[2], "%5.2f", pitchA);
      |       ^~~~~~~
../Core/Src/main.c:121:7: warning: incompatible implicit declaration of built-in function 'sprintf'
../Core/Src/main.c:22:1: note: include '<stdio.h>' or provide a declaration of 'sprintf'
   21 | #include "ICM20948.h"
  +++ |+#include <stdio.h>
   22 | 
../Core/Src/main.c:121:15: warning: pointer targets in passing argument 1 of 'sprintf' differ in signedness [-Wpointer-sign]
  121 |       sprintf(&temp[2], "%5.2f", pitchA);
      |               ^~~~~~~~
      |               |
      |               uint8_t * {aka unsigned char *}
../Core/Src/main.c:121:15: note: expected 'char *' but argument is of type 'uint8_t *' {aka 'unsigned char *'}
../Core/Src/main.c:122:15: warning: pointer targets in passing argument 1 of 'sprintf' differ in signedness [-Wpointer-sign]
  122 |       sprintf(&temp[10], "%5.2f", rollA);
      |               ^~~~~~~~~
      |               |
      |               uint8_t * {aka unsigned char *}
../Core/Src/main.c:122:15: note: expected 'char *' but argument is of type 'uint8_t *' {aka 'unsigned char *'}
../Core/Src/main.c:128:15: warning: pointer targets in passing argument 1 of 'sprintf' differ in signedness [-Wpointer-sign]
  128 |       sprintf(&temp[18], "%5.2f", pitchG);
      |               ^~~~~~~~~
      |               |
      |               uint8_t * {aka unsigned char *}
../Core/Src/main.c:128:15: note: expected 'char *' but argument is of type 'uint8_t *' {aka 'unsigned char *'}
../Core/Src/main.c:129:15: warning: pointer targets in passing argument 1 of 'sprintf' differ in signedness [-Wpointer-sign]
  129 |       sprintf(&temp[26], "%5.2f", rollG);
      |               ^~~~~~~~~
      |               |
      |               uint8_t * {aka unsigned char *}
../Core/Src/main.c:129:15: note: expected 'char *' but argument is of type 'uint8_t *' {aka 'unsigned char *'}
arm-none-eabi-gcc -o "lab2.elf" @"objects.list"   -mcpu=cortex-m4 -T"C:\Users\chan1017\Desktop\SC2104\lab2\STM32F407VETX_FLASH.ld" --specs=nosys.specs -Wl,-Map="lab2.map" -Wl,--gc-sections -static -u _printf_float --specs=nano.specs -mfpu=fpv4-sp-d16 -mfloat-abi=hard -mthumb -Wl,--start-group -lc -lm -Wl,--end-group
Finished building target: lab2.elf
 
arm-none-eabi-size   lab2.elf 
arm-none-eabi-objdump -h -S  lab2.elf  > "lab2.list"
   text	   data	    bss	    dec	    hex	filename
  31868	    484	   1764	  34116	   8544	lab2.elf
Finished building: default.size.stdout
 
Finished building: lab2.list
 
15:29:42 **** Incremental Build of configuration Debug for project lab2 ****
make -j16 all 
arm-none-eabi-size   lab2.elf 
   text	   data	    bss	    dec	    hex	filename
  31868	    484	   1764	  34116	   8544	lab2.elf
Finished building: default.size.stdout
 
15:31:37 **** Incremental Build of configuration Debug for project lab2 ****
make -j16 all 
arm-none-eabi-size   lab2.elf 
   text	   data	    bss	    dec	    hex	filename
  31868	    484	   1764	  34116	   8544	lab2.elf
Finished building: default.size.stdout
 
15:35:41 **** Incremental Build of configuration Debug for project lab2 ****
make -j16 all 
arm-none-eabi-size   lab2.elf 
   text	   data	    bss	    dec	    hex	filename
  31868	    484	   1764	  34116	   8544	lab2.elf
Finished building: default.size.stdout
 
15:36:20 **** Incremental Build of configuration Debug for project lab2 ****
make -j16 all 
arm-none-eabi-size   lab2.elf 
   text	   data	    bss	    dec	    hex	filename
  31868	    484	   1764	  34116	   8544	lab2.elf
Finished building: default.size.stdout
 
15:36:26 **** Incremental Build of configuration Debug for project lab2 ****
make -j16 all 
arm-none-eabi-size   lab2.elf 
   text	   data	    bss	    dec	    hex	filename
  31868	    484	   1764	  34116	   8544	lab2.elf
Finished building: default.size.stdout
 
15:39:59 **** Incremental Build of configuration Debug for project lab2 ****
make -j16 all 
arm-none-eabi-size   lab2.elf 
   text	   data	    bss	    dec	    hex	filename
  31868	    484	   1764	  34116	   8544	lab2.elf
Finished building: default.size.stdout
 
15:40:05 **** Incremental Build of configuration Debug for project lab2 ****
make -j16 all 
arm-none-eabi-size   lab2.elf 
   text	   data	    bss	    dec	    hex	filename
  31868	    484	   1764	  34116	   8544	lab2.elf
Finished building: default.size.stdout
 
15:41:29 **** Incremental Build of configuration Debug for project lab2 ****
make -j16 all 
arm-none-eabi-size   lab2.elf 
   text	   data	    bss	    dec	    hex	filename
  31868	    484	   1764	  34116	   8544	lab2.elf
Finished building: default.size.stdout
 
15:43:46 **** Incremental Build of configuration Debug for project lab2 ****
make -j16 all 
arm-none-eabi-gcc "../Core/Src/main.c" -mcpu=cortex-m4 -std=gnu11 -g3 -DDEBUG -DUSE_HAL_DRIVER -DSTM32F407xx -c -I../Core/Inc -I../Drivers/STM32F4xx_HAL_Driver/Inc -I../Drivers/STM32F4xx_HAL_Driver/Inc/Legacy -I../Drivers/CMSIS/Device/ST/STM32F4xx/Include -I../Drivers/CMSIS/Include -O0 -ffunction-sections -fdata-sections -Wall -fstack-usage -MMD -MP -MF"Core/Src/main.d" -MT"Core/Src/main.o" --specs=nano.specs -mfpu=fpv4-sp-d16 -mfloat-abi=hard -mthumb -o "Core/Src/main.o"
../Core/Src/main.c: In function 'main':
../Core/Src/main.c:97:3: warning: implicit declaration of function 'IMU_Initialise' [-Wimplicit-function-declaration]
   97 |   IMU_Initialise(&imu,&hi2c1,&huart3);
      |   ^~~~~~~~~~~~~~
../Core/Src/main.c:108:4: warning: implicit declaration of function 'IMU_AccelRead' [-Wimplicit-function-declaration]
  108 |    IMU_AccelRead(&imu);
      |    ^~~~~~~~~~~~~
../Core/Src/main.c:109:7: warning: implicit declaration of function 'IMU_GyroRead'; did you mean 'IMU_TempRead'? [-Wimplicit-function-declaration]
  109 |       IMU_GyroRead(&imu);
      |       ^~~~~~~~~~~~
      |       IMU_TempRead
../Core/Src/main.c:110:16: warning: implicit declaration of function 'atan' [-Wimplicit-function-declaration]
  110 |       pitchA = atan(imu.acc[1]/imu.acc[2]);
      |                ^~~~
../Core/Src/main.c:110:16: warning: incompatible implicit declaration of built-in function 'atan'
../Core/Src/main.c:22:1: note: include '<math.h>' or provide a declaration of 'atan'
   21 | #include "ICM20948.h"
  +++ |+#include <math.h>
   22 | 
../Core/Src/main.c:122:7: warning: implicit declaration of function 'sprintf' [-Wimplicit-function-declaration]
  122 |       sprintf(&temp[2], "%5.2f", pitchA);
      |       ^~~~~~~
../Core/Src/main.c:122:7: warning: incompatible implicit declaration of built-in function 'sprintf'
../Core/Src/main.c:22:1: note: include '<stdio.h>' or provide a declaration of 'sprintf'
   21 | #include "ICM20948.h"
  +++ |+#include <stdio.h>
   22 | 
../Core/Src/main.c:122:15: warning: pointer targets in passing argument 1 of 'sprintf' differ in signedness [-Wpointer-sign]
  122 |       sprintf(&temp[2], "%5.2f", pitchA);
      |               ^~~~~~~~
      |               |
      |               uint8_t * {aka unsigned char *}
../Core/Src/main.c:122:15: note: expected 'char *' but argument is of type 'uint8_t *' {aka 'unsigned char *'}
../Core/Src/main.c:123:15: warning: pointer targets in passing argument 1 of 'sprintf' differ in signedness [-Wpointer-sign]
  123 |       sprintf(&temp[10], "%5.2f", rollA);
      |               ^~~~~~~~~
      |               |
      |               uint8_t * {aka unsigned char *}
../Core/Src/main.c:123:15: note: expected 'char *' but argument is of type 'uint8_t *' {aka 'unsigned char *'}
../Core/Src/main.c:129:15: warning: pointer targets in passing argument 1 of 'sprintf' differ in signedness [-Wpointer-sign]
  129 |       sprintf(&temp[18], "%5.2f", pitchG);
      |               ^~~~~~~~~
      |               |
      |               uint8_t * {aka unsigned char *}
../Core/Src/main.c:129:15: note: expected 'char *' but argument is of type 'uint8_t *' {aka 'unsigned char *'}
../Core/Src/main.c:130:15: warning: pointer targets in passing argument 1 of 'sprintf' differ in signedness [-Wpointer-sign]
  130 |       sprintf(&temp[26], "%5.2f", rollG);
      |               ^~~~~~~~~
      |               |
      |               uint8_t * {aka unsigned char *}
../Core/Src/main.c:130:15: note: expected 'char *' but argument is of type 'uint8_t *' {aka 'unsigned char *'}
arm-none-eabi-gcc -o "lab2.elf" @"objects.list"   -mcpu=cortex-m4 -T"C:\Users\chan1017\Desktop\SC2104\lab2\STM32F407VETX_FLASH.ld" --specs=nosys.specs -Wl,-Map="lab2.map" -Wl,--gc-sections -static -u _printf_float --specs=nano.specs -mfpu=fpv4-sp-d16 -mfloat-abi=hard -mthumb -Wl,--start-group -lc -lm -Wl,--end-group
Finished building target: lab2.elf
 
arm-none-eabi-size   lab2.elf 
arm-none-eabi-objdump -h -S  lab2.elf  > "lab2.list"
   text	   data	    bss	    dec	    hex	filename
  31868	    484	   1764	  34116	   8544	lab2.elf
Finished building: default.size.stdout
 
Finished building: lab2.list
 
15:43:50 **** Incremental Build of configuration Debug for project lab2 ****
make -j16 all 
arm-none-eabi-size   lab2.elf 
   text	   data	    bss	    dec	    hex	filename
  31868	    484	   1764	  34116	   8544	lab2.elf
Finished building: default.size.stdout
 
15:44:15 **** Incremental Build of configuration Debug for project lab2 ****
make -j16 all 
arm-none-eabi-gcc "../Core/Src/main.c" -mcpu=cortex-m4 -std=gnu11 -g3 -DDEBUG -DUSE_HAL_DRIVER -DSTM32F407xx -c -I../Core/Inc -I../Drivers/STM32F4xx_HAL_Driver/Inc -I../Drivers/STM32F4xx_HAL_Driver/Inc/Legacy -I../Drivers/CMSIS/Device/ST/STM32F4xx/Include -I../Drivers/CMSIS/Include -O0 -ffunction-sections -fdata-sections -Wall -fstack-usage -MMD -MP -MF"Core/Src/main.d" -MT"Core/Src/main.o" --specs=nano.specs -mfpu=fpv4-sp-d16 -mfloat-abi=hard -mthumb -o "Core/Src/main.o"
../Core/Src/main.c: In function 'main':
../Core/Src/main.c:97:3: warning: implicit declaration of function 'IMU_Initialise' [-Wimplicit-function-declaration]
   97 |   IMU_Initialise(&imu,&hi2c1,&huart3);
      |   ^~~~~~~~~~~~~~
../Core/Src/main.c:107:4: warning: implicit declaration of function 'IMU_AccelRead' [-Wimplicit-function-declaration]
  107 |    IMU_AccelRead(&imu);
      |    ^~~~~~~~~~~~~
../Core/Src/main.c:108:7: warning: implicit declaration of function 'IMU_GyroRead'; did you mean 'IMU_TempRead'? [-Wimplicit-function-declaration]
  108 |       IMU_GyroRead(&imu);
      |       ^~~~~~~~~~~~
      |       IMU_TempRead
../Core/Src/main.c:109:16: warning: implicit declaration of function 'atan' [-Wimplicit-function-declaration]
  109 |       pitchA = atan(imu.acc[1]/imu.acc[2]);
      |                ^~~~
../Core/Src/main.c:109:16: warning: incompatible implicit declaration of built-in function 'atan'
../Core/Src/main.c:22:1: note: include '<math.h>' or provide a declaration of 'atan'
   21 | #include "ICM20948.h"
  +++ |+#include <math.h>
   22 | 
../Core/Src/main.c:121:7: warning: implicit declaration of function 'sprintf' [-Wimplicit-function-declaration]
  121 |       sprintf(&temp[2], "%5.2f", pitchA);
      |       ^~~~~~~
../Core/Src/main.c:121:7: warning: incompatible implicit declaration of built-in function 'sprintf'
../Core/Src/main.c:22:1: note: include '<stdio.h>' or provide a declaration of 'sprintf'
   21 | #include "ICM20948.h"
  +++ |+#include <stdio.h>
   22 | 
../Core/Src/main.c:121:15: warning: pointer targets in passing argument 1 of 'sprintf' differ in signedness [-Wpointer-sign]
  121 |       sprintf(&temp[2], "%5.2f", pitchA);
      |               ^~~~~~~~
      |               |
      |               uint8_t * {aka unsigned char *}
../Core/Src/main.c:121:15: note: expected 'char *' but argument is of type 'uint8_t *' {aka 'unsigned char *'}
../Core/Src/main.c:122:15: warning: pointer targets in passing argument 1 of 'sprintf' differ in signedness [-Wpointer-sign]
  122 |       sprintf(&temp[10], "%5.2f", rollA);
      |               ^~~~~~~~~
      |               |
      |               uint8_t * {aka unsigned char *}
../Core/Src/main.c:122:15: note: expected 'char *' but argument is of type 'uint8_t *' {aka 'unsigned char *'}
../Core/Src/main.c:128:15: warning: pointer targets in passing argument 1 of 'sprintf' differ in signedness [-Wpointer-sign]
  128 |       sprintf(&temp[18], "%5.2f", pitchG);
      |               ^~~~~~~~~
      |               |
      |               uint8_t * {aka unsigned char *}
../Core/Src/main.c:128:15: note: expected 'char *' but argument is of type 'uint8_t *' {aka 'unsigned char *'}
../Core/Src/main.c:129:15: warning: pointer targets in passing argument 1 of 'sprintf' differ in signedness [-Wpointer-sign]
  129 |       sprintf(&temp[26], "%5.2f", rollG);
      |               ^~~~~~~~~
      |               |
      |               uint8_t * {aka unsigned char *}
../Core/Src/main.c:129:15: note: expected 'char *' but argument is of type 'uint8_t *' {aka 'unsigned char *'}
arm-none-eabi-gcc -o "lab2.elf" @"objects.list"   -mcpu=cortex-m4 -T"C:\Users\chan1017\Desktop\SC2104\lab2\STM32F407VETX_FLASH.ld" --specs=nosys.specs -Wl,-Map="lab2.map" -Wl,--gc-sections -static -u _printf_float --specs=nano.specs -mfpu=fpv4-sp-d16 -mfloat-abi=hard -mthumb -Wl,--start-group -lc -lm -Wl,--end-group
Finished building target: lab2.elf
 
arm-none-eabi-size   lab2.elf 
arm-none-eabi-objdump -h -S  lab2.elf  > "lab2.list"
   text	   data	    bss	    dec	    hex	filename
  31868	    484	   1764	  34116	   8544	lab2.elf
Finished building: default.size.stdout
 
Finished building: lab2.list
 
15:44:16 **** Incremental Build of configuration Debug for project lab2 ****
make -j16 all 
arm-none-eabi-size   lab2.elf 
   text	   data	    bss	    dec	    hex	filename
  31868	    484	   1764	  34116	   8544	lab2.elf
Finished building: default.size.stdout
 
15:59:15 **** Incremental Build of configuration Debug for project lab2 ****
make -j16 all 
arm-none-eabi-gcc "../Core/Src/main.c" -mcpu=cortex-m4 -std=gnu11 -g3 -DDEBUG -DUSE_HAL_DRIVER -DSTM32F407xx -c -I../Core/Inc -I../Drivers/STM32F4xx_HAL_Driver/Inc -I../Drivers/STM32F4xx_HAL_Driver/Inc/Legacy -I../Drivers/CMSIS/Device/ST/STM32F4xx/Include -I../Drivers/CMSIS/Include -O0 -ffunction-sections -fdata-sections -Wall -fstack-usage -MMD -MP -MF"Core/Src/main.d" -MT"Core/Src/main.o" --specs=nano.specs -mfpu=fpv4-sp-d16 -mfloat-abi=hard -mthumb -o "Core/Src/main.o"
../Core/Src/main.c: In function 'main':
../Core/Src/main.c:97:3: warning: implicit declaration of function 'IMU_Initialise' [-Wimplicit-function-declaration]
   97 |   IMU_Initialise(&imu,&hi2c1,&huart3);
      |   ^~~~~~~~~~~~~~
../Core/Src/main.c:109:4: warning: implicit declaration of function 'IMU_AccelRead' [-Wimplicit-function-declaration]
  109 |    IMU_AccelRead(&imu);
      |    ^~~~~~~~~~~~~
../Core/Src/main.c:110:7: warning: implicit declaration of function 'IMU_GyroRead'; did you mean 'IMU_TempRead'? [-Wimplicit-function-declaration]
  110 |       IMU_GyroRead(&imu);
      |       ^~~~~~~~~~~~
      |       IMU_TempRead
../Core/Src/main.c:111:16: warning: implicit declaration of function 'atan' [-Wimplicit-function-declaration]
  111 |       pitchA = atan(imu.acc[1]/imu.acc[2]);
      |                ^~~~
../Core/Src/main.c:111:16: warning: incompatible implicit declaration of built-in function 'atan'
../Core/Src/main.c:22:1: note: include '<math.h>' or provide a declaration of 'atan'
   21 | #include "ICM20948.h"
  +++ |+#include <math.h>
   22 | 
../Core/Src/main.c:123:7: warning: implicit declaration of function 'sprintf' [-Wimplicit-function-declaration]
  123 |       sprintf(&temp[2], "%5.2f", pitchA);
      |       ^~~~~~~
../Core/Src/main.c:123:7: warning: incompatible implicit declaration of built-in function 'sprintf'
../Core/Src/main.c:22:1: note: include '<stdio.h>' or provide a declaration of 'sprintf'
   21 | #include "ICM20948.h"
  +++ |+#include <stdio.h>
   22 | 
../Core/Src/main.c:123:15: warning: pointer targets in passing argument 1 of 'sprintf' differ in signedness [-Wpointer-sign]
  123 |       sprintf(&temp[2], "%5.2f", pitchA);
      |               ^~~~~~~~
      |               |
      |               uint8_t * {aka unsigned char *}
../Core/Src/main.c:123:15: note: expected 'char *' but argument is of type 'uint8_t *' {aka 'unsigned char *'}
../Core/Src/main.c:124:15: warning: pointer targets in passing argument 1 of 'sprintf' differ in signedness [-Wpointer-sign]
  124 |       sprintf(&temp[10], "%5.2f", rollA);
      |               ^~~~~~~~~
      |               |
      |               uint8_t * {aka unsigned char *}
../Core/Src/main.c:124:15: note: expected 'char *' but argument is of type 'uint8_t *' {aka 'unsigned char *'}
../Core/Src/main.c:129:15: warning: pointer targets in passing argument 1 of 'sprintf' differ in signedness [-Wpointer-sign]
  129 |       sprintf(&finalData[2], "%5.2f", combinedP);
      |               ^~~~~~~~~~~~~
      |               |
      |               uint8_t * {aka unsigned char *}
../Core/Src/main.c:129:15: note: expected 'char *' but argument is of type 'uint8_t *' {aka 'unsigned char *'}
../Core/Src/main.c:130:15: warning: pointer targets in passing argument 1 of 'sprintf' differ in signedness [-Wpointer-sign]
  130 |       sprintf(&finalData[10], "%5.2f", combinedR);
      |               ^~~~~~~~~~~~~~
      |               |
      |               uint8_t * {aka unsigned char *}
../Core/Src/main.c:130:15: note: expected 'char *' but argument is of type 'uint8_t *' {aka 'unsigned char *'}
../Core/Src/main.c:135:15: warning: pointer targets in passing argument 1 of 'sprintf' differ in signedness [-Wpointer-sign]
  135 |       sprintf(&temp[18], "%5.2f", pitchG);
      |               ^~~~~~~~~
      |               |
      |               uint8_t * {aka unsigned char *}
../Core/Src/main.c:135:15: note: expected 'char *' but argument is of type 'uint8_t *' {aka 'unsigned char *'}
../Core/Src/main.c:136:15: warning: pointer targets in passing argument 1 of 'sprintf' differ in signedness [-Wpointer-sign]
  136 |       sprintf(&temp[26], "%5.2f", rollG);
      |               ^~~~~~~~~
      |               |
      |               uint8_t * {aka unsigned char *}
../Core/Src/main.c:136:15: note: expected 'char *' but argument is of type 'uint8_t *' {aka 'unsigned char *'}
arm-none-eabi-gcc -o "lab2.elf" @"objects.list"   -mcpu=cortex-m4 -T"C:\Users\chan1017\Desktop\SC2104\lab2\STM32F407VETX_FLASH.ld" --specs=nosys.specs -Wl,-Map="lab2.map" -Wl,--gc-sections -static -u _printf_float --specs=nano.specs -mfpu=fpv4-sp-d16 -mfloat-abi=hard -mthumb -Wl,--start-group -lc -lm -Wl,--end-group
Finished building target: lab2.elf
 
arm-none-eabi-size   lab2.elf 
arm-none-eabi-objdump -h -S  lab2.elf  > "lab2.list"
   text	   data	    bss	    dec	    hex	filename
  32300	    484	   1764	  34548	   86f4	lab2.elf
Finished building: default.size.stdout
 
Finished building: lab2.list
 
15:59:19 **** Incremental Build of configuration Debug for project lab2 ****
make -j16 all 
arm-none-eabi-size   lab2.elf 
   text	   data	    bss	    dec	    hex	filename
  32300	    484	   1764	  34548	   86f4	lab2.elf
Finished building: default.size.stdout
 
16:00:19 **** Incremental Build of configuration Debug for project lab2 ****
make -j16 all 
arm-none-eabi-gcc "../Core/Src/main.c" -mcpu=cortex-m4 -std=gnu11 -g3 -DDEBUG -DUSE_HAL_DRIVER -DSTM32F407xx -c -I../Core/Inc -I../Drivers/STM32F4xx_HAL_Driver/Inc -I../Drivers/STM32F4xx_HAL_Driver/Inc/Legacy -I../Drivers/CMSIS/Device/ST/STM32F4xx/Include -I../Drivers/CMSIS/Include -O0 -ffunction-sections -fdata-sections -Wall -fstack-usage -MMD -MP -MF"Core/Src/main.d" -MT"Core/Src/main.o" --specs=nano.specs -mfpu=fpv4-sp-d16 -mfloat-abi=hard -mthumb -o "Core/Src/main.o"
../Core/Src/main.c: In function 'main':
../Core/Src/main.c:97:3: warning: implicit declaration of function 'IMU_Initialise' [-Wimplicit-function-declaration]
   97 |   IMU_Initialise(&imu,&hi2c1,&huart3);
      |   ^~~~~~~~~~~~~~
../Core/Src/main.c:109:4: warning: implicit declaration of function 'IMU_AccelRead' [-Wimplicit-function-declaration]
  109 |    IMU_AccelRead(&imu);
      |    ^~~~~~~~~~~~~
../Core/Src/main.c:110:7: warning: implicit declaration of function 'IMU_GyroRead'; did you mean 'IMU_TempRead'? [-Wimplicit-function-declaration]
  110 |       IMU_GyroRead(&imu);
      |       ^~~~~~~~~~~~
      |       IMU_TempRead
../Core/Src/main.c:111:16: warning: implicit declaration of function 'atan' [-Wimplicit-function-declaration]
  111 |       pitchA = atan(imu.acc[1]/imu.acc[2]);
      |                ^~~~
../Core/Src/main.c:111:16: warning: incompatible implicit declaration of built-in function 'atan'
../Core/Src/main.c:22:1: note: include '<math.h>' or provide a declaration of 'atan'
   21 | #include "ICM20948.h"
  +++ |+#include <math.h>
   22 | 
../Core/Src/main.c:123:7: warning: implicit declaration of function 'sprintf' [-Wimplicit-function-declaration]
  123 |       sprintf(&temp[2], "%5.2f", pitchA);
      |       ^~~~~~~
../Core/Src/main.c:123:7: warning: incompatible implicit declaration of built-in function 'sprintf'
../Core/Src/main.c:22:1: note: include '<stdio.h>' or provide a declaration of 'sprintf'
   21 | #include "ICM20948.h"
  +++ |+#include <stdio.h>
   22 | 
../Core/Src/main.c:123:15: warning: pointer targets in passing argument 1 of 'sprintf' differ in signedness [-Wpointer-sign]
  123 |       sprintf(&temp[2], "%5.2f", pitchA);
      |               ^~~~~~~~
      |               |
      |               uint8_t * {aka unsigned char *}
../Core/Src/main.c:123:15: note: expected 'char *' but argument is of type 'uint8_t *' {aka 'unsigned char *'}
../Core/Src/main.c:124:15: warning: pointer targets in passing argument 1 of 'sprintf' differ in signedness [-Wpointer-sign]
  124 |       sprintf(&temp[10], "%5.2f", rollA);
      |               ^~~~~~~~~
      |               |
      |               uint8_t * {aka unsigned char *}
../Core/Src/main.c:124:15: note: expected 'char *' but argument is of type 'uint8_t *' {aka 'unsigned char *'}
../Core/Src/main.c:129:15: warning: pointer targets in passing argument 1 of 'sprintf' differ in signedness [-Wpointer-sign]
  129 |       sprintf(&finalData[2], "%5.2f", combinedP);
      |               ^~~~~~~~~~~~~
      |               |
      |               uint8_t * {aka unsigned char *}
../Core/Src/main.c:129:15: note: expected 'char *' but argument is of type 'uint8_t *' {aka 'unsigned char *'}
../Core/Src/main.c:130:15: warning: pointer targets in passing argument 1 of 'sprintf' differ in signedness [-Wpointer-sign]
  130 |       sprintf(&finalData[10], "%5.2f", combinedR);
      |               ^~~~~~~~~~~~~~
      |               |
      |               uint8_t * {aka unsigned char *}
../Core/Src/main.c:130:15: note: expected 'char *' but argument is of type 'uint8_t *' {aka 'unsigned char *'}
../Core/Src/main.c:135:15: warning: pointer targets in passing argument 1 of 'sprintf' differ in signedness [-Wpointer-sign]
  135 |       sprintf(&temp[18], "%5.2f", pitchG);
      |               ^~~~~~~~~
      |               |
      |               uint8_t * {aka unsigned char *}
../Core/Src/main.c:135:15: note: expected 'char *' but argument is of type 'uint8_t *' {aka 'unsigned char *'}
../Core/Src/main.c:136:15: warning: pointer targets in passing argument 1 of 'sprintf' differ in signedness [-Wpointer-sign]
  136 |       sprintf(&temp[26], "%5.2f", rollG);
      |               ^~~~~~~~~
      |               |
      |               uint8_t * {aka unsigned char *}
../Core/Src/main.c:136:15: note: expected 'char *' but argument is of type 'uint8_t *' {aka 'unsigned char *'}
arm-none-eabi-gcc -o "lab2.elf" @"objects.list"   -mcpu=cortex-m4 -T"C:\Users\chan1017\Desktop\SC2104\lab2\STM32F407VETX_FLASH.ld" --specs=nosys.specs -Wl,-Map="lab2.map" -Wl,--gc-sections -static -u _printf_float --specs=nano.specs -mfpu=fpv4-sp-d16 -mfloat-abi=hard -mthumb -Wl,--start-group -lc -lm -Wl,--end-group
Finished building target: lab2.elf
 
arm-none-eabi-size   lab2.elf 
arm-none-eabi-objdump -h -S  lab2.elf  > "lab2.list"
   text	   data	    bss	    dec	    hex	filename
  32292	    484	   1764	  34540	   86ec	lab2.elf
Finished building: default.size.stdout
 
Finished building: lab2.list
 
16:00:23 **** Incremental Build of configuration Debug for project lab2 ****
make -j16 all 
arm-none-eabi-size   lab2.elf 
   text	   data	    bss	    dec	    hex	filename
  32292	    484	   1764	  34540	   86ec	lab2.elf
Finished building: default.size.stdout
 
16:02:14 **** Incremental Build of configuration Debug for project lab2 ****
make -j16 all 
arm-none-eabi-gcc "../Core/Src/main.c" -mcpu=cortex-m4 -std=gnu11 -g3 -DDEBUG -DUSE_HAL_DRIVER -DSTM32F407xx -c -I../Core/Inc -I../Drivers/STM32F4xx_HAL_Driver/Inc -I../Drivers/STM32F4xx_HAL_Driver/Inc/Legacy -I../Drivers/CMSIS/Device/ST/STM32F4xx/Include -I../Drivers/CMSIS/Include -O0 -ffunction-sections -fdata-sections -Wall -fstack-usage -MMD -MP -MF"Core/Src/main.d" -MT"Core/Src/main.o" --specs=nano.specs -mfpu=fpv4-sp-d16 -mfloat-abi=hard -mthumb -o "Core/Src/main.o"
../Core/Src/main.c: In function 'main':
../Core/Src/main.c:97:3: warning: implicit declaration of function 'IMU_Initialise' [-Wimplicit-function-declaration]
   97 |   IMU_Initialise(&imu,&hi2c1,&huart3);
      |   ^~~~~~~~~~~~~~
../Core/Src/main.c:109:4: warning: implicit declaration of function 'IMU_AccelRead' [-Wimplicit-function-declaration]
  109 |    IMU_AccelRead(&imu);
      |    ^~~~~~~~~~~~~
../Core/Src/main.c:110:7: warning: implicit declaration of function 'IMU_GyroRead'; did you mean 'IMU_TempRead'? [-Wimplicit-function-declaration]
  110 |       IMU_GyroRead(&imu);
      |       ^~~~~~~~~~~~
      |       IMU_TempRead
../Core/Src/main.c:111:16: warning: implicit declaration of function 'atan' [-Wimplicit-function-declaration]
  111 |       pitchA = atan(imu.acc[1]/imu.acc[2]);
      |                ^~~~
../Core/Src/main.c:111:16: warning: incompatible implicit declaration of built-in function 'atan'
../Core/Src/main.c:22:1: note: include '<math.h>' or provide a declaration of 'atan'
   21 | #include "ICM20948.h"
  +++ |+#include <math.h>
   22 | 
../Core/Src/main.c:123:7: warning: implicit declaration of function 'sprintf' [-Wimplicit-function-declaration]
  123 |       sprintf(&temp[2], "%5.2f", pitchA);
      |       ^~~~~~~
../Core/Src/main.c:123:7: warning: incompatible implicit declaration of built-in function 'sprintf'
../Core/Src/main.c:22:1: note: include '<stdio.h>' or provide a declaration of 'sprintf'
   21 | #include "ICM20948.h"
  +++ |+#include <stdio.h>
   22 | 
../Core/Src/main.c:123:15: warning: pointer targets in passing argument 1 of 'sprintf' differ in signedness [-Wpointer-sign]
  123 |       sprintf(&temp[2], "%5.2f", pitchA);
      |               ^~~~~~~~
      |               |
      |               uint8_t * {aka unsigned char *}
../Core/Src/main.c:123:15: note: expected 'char *' but argument is of type 'uint8_t *' {aka 'unsigned char *'}
../Core/Src/main.c:124:15: warning: pointer targets in passing argument 1 of 'sprintf' differ in signedness [-Wpointer-sign]
  124 |       sprintf(&temp[10], "%5.2f", rollA);
      |               ^~~~~~~~~
      |               |
      |               uint8_t * {aka unsigned char *}
../Core/Src/main.c:124:15: note: expected 'char *' but argument is of type 'uint8_t *' {aka 'unsigned char *'}
../Core/Src/main.c:129:15: warning: pointer targets in passing argument 1 of 'sprintf' differ in signedness [-Wpointer-sign]
  129 |       sprintf(&finalData[2], "%5.2f", combinedP);
      |               ^~~~~~~~~~~~~
      |               |
      |               uint8_t * {aka unsigned char *}
../Core/Src/main.c:129:15: note: expected 'char *' but argument is of type 'uint8_t *' {aka 'unsigned char *'}
../Core/Src/main.c:130:15: warning: pointer targets in passing argument 1 of 'sprintf' differ in signedness [-Wpointer-sign]
  130 |       sprintf(&finalData[10], "%5.2f", combinedR);
      |               ^~~~~~~~~~~~~~
      |               |
      |               uint8_t * {aka unsigned char *}
../Core/Src/main.c:130:15: note: expected 'char *' but argument is of type 'uint8_t *' {aka 'unsigned char *'}
../Core/Src/main.c:135:15: warning: pointer targets in passing argument 1 of 'sprintf' differ in signedness [-Wpointer-sign]
  135 |       sprintf(&temp[18], "%5.2f", pitchG);
      |               ^~~~~~~~~
      |               |
      |               uint8_t * {aka unsigned char *}
../Core/Src/main.c:135:15: note: expected 'char *' but argument is of type 'uint8_t *' {aka 'unsigned char *'}
../Core/Src/main.c:136:15: warning: pointer targets in passing argument 1 of 'sprintf' differ in signedness [-Wpointer-sign]
  136 |       sprintf(&temp[26], "%5.2f", rollG);
      |               ^~~~~~~~~
      |               |
      |               uint8_t * {aka unsigned char *}
../Core/Src/main.c:136:15: note: expected 'char *' but argument is of type 'uint8_t *' {aka 'unsigned char *'}
arm-none-eabi-gcc -o "lab2.elf" @"objects.list"   -mcpu=cortex-m4 -T"C:\Users\chan1017\Desktop\SC2104\lab2\STM32F407VETX_FLASH.ld" --specs=nosys.specs -Wl,-Map="lab2.map" -Wl,--gc-sections -static -u _printf_float --specs=nano.specs -mfpu=fpv4-sp-d16 -mfloat-abi=hard -mthumb -Wl,--start-group -lc -lm -Wl,--end-group
Finished building target: lab2.elf
 
arm-none-eabi-size   lab2.elf 
arm-none-eabi-objdump -h -S  lab2.elf  > "lab2.list"
   text	   data	    bss	    dec	    hex	filename
  32276	    484	   1764	  34524	   86dc	lab2.elf
Finished building: default.size.stdout
 
Finished building: lab2.list
 
16:02:19 **** Incremental Build of configuration Debug for project lab2 ****
make -j16 all 
arm-none-eabi-size   lab2.elf 
   text	   data	    bss	    dec	    hex	filename
  32276	    484	   1764	  34524	   86dc	lab2.elf
Finished building: default.size.stdout
 
16:06:28 **** Incremental Build of configuration Debug for project lab2 ****
make -j16 all 
arm-none-eabi-gcc "../Core/Src/main.c" -mcpu=cortex-m4 -std=gnu11 -g3 -DDEBUG -DUSE_HAL_DRIVER -DSTM32F407xx -c -I../Core/Inc -I../Drivers/STM32F4xx_HAL_Driver/Inc -I../Drivers/STM32F4xx_HAL_Driver/Inc/Legacy -I../Drivers/CMSIS/Device/ST/STM32F4xx/Include -I../Drivers/CMSIS/Include -O0 -ffunction-sections -fdata-sections -Wall -fstack-usage -MMD -MP -MF"Core/Src/main.d" -MT"Core/Src/main.o" --specs=nano.specs -mfpu=fpv4-sp-d16 -mfloat-abi=hard -mthumb -o "Core/Src/main.o"
../Core/Src/main.c: In function 'main':
../Core/Src/main.c:97:3: warning: implicit declaration of function 'IMU_Initialise' [-Wimplicit-function-declaration]
   97 |   IMU_Initialise(&imu,&hi2c1,&huart3);
      |   ^~~~~~~~~~~~~~
../Core/Src/main.c:110:4: warning: implicit declaration of function 'IMU_AccelRead' [-Wimplicit-function-declaration]
  110 |    IMU_AccelRead(&imu);
      |    ^~~~~~~~~~~~~
../Core/Src/main.c:111:7: warning: implicit declaration of function 'IMU_GyroRead'; did you mean 'IMU_TempRead'? [-Wimplicit-function-declaration]
  111 |       IMU_GyroRead(&imu);
      |       ^~~~~~~~~~~~
      |       IMU_TempRead
../Core/Src/main.c:112:16: warning: implicit declaration of function 'atan' [-Wimplicit-function-declaration]
  112 |       pitchA = atan(imu.acc[1]/imu.acc[2]);
      |                ^~~~
../Core/Src/main.c:112:16: warning: incompatible implicit declaration of built-in function 'atan'
../Core/Src/main.c:22:1: note: include '<math.h>' or provide a declaration of 'atan'
   21 | #include "ICM20948.h"
  +++ |+#include <math.h>
   22 | 
../Core/Src/main.c:124:7: warning: implicit declaration of function 'sprintf' [-Wimplicit-function-declaration]
  124 |       sprintf(&temp[2], "%5.2f", pitchA);
      |       ^~~~~~~
../Core/Src/main.c:124:7: warning: incompatible implicit declaration of built-in function 'sprintf'
../Core/Src/main.c:22:1: note: include '<stdio.h>' or provide a declaration of 'sprintf'
   21 | #include "ICM20948.h"
  +++ |+#include <stdio.h>
   22 | 
../Core/Src/main.c:124:15: warning: pointer targets in passing argument 1 of 'sprintf' differ in signedness [-Wpointer-sign]
  124 |       sprintf(&temp[2], "%5.2f", pitchA);
      |               ^~~~~~~~
      |               |
      |               uint8_t * {aka unsigned char *}
../Core/Src/main.c:124:15: note: expected 'char *' but argument is of type 'uint8_t *' {aka 'unsigned char *'}
../Core/Src/main.c:125:15: warning: pointer targets in passing argument 1 of 'sprintf' differ in signedness [-Wpointer-sign]
  125 |       sprintf(&temp[10], "%5.2f", rollA);
      |               ^~~~~~~~~
      |               |
      |               uint8_t * {aka unsigned char *}
../Core/Src/main.c:125:15: note: expected 'char *' but argument is of type 'uint8_t *' {aka 'unsigned char *'}
../Core/Src/main.c:130:15: warning: pointer targets in passing argument 1 of 'sprintf' differ in signedness [-Wpointer-sign]
  130 |       sprintf(&finalData[2], "%5.2f", combinedP);
      |               ^~~~~~~~~~~~~
      |               |
      |               uint8_t * {aka unsigned char *}
../Core/Src/main.c:130:15: note: expected 'char *' but argument is of type 'uint8_t *' {aka 'unsigned char *'}
../Core/Src/main.c:131:15: warning: pointer targets in passing argument 1 of 'sprintf' differ in signedness [-Wpointer-sign]
  131 |       sprintf(&finalData[10], "%5.2f", combinedR);
      |               ^~~~~~~~~~~~~~
      |               |
      |               uint8_t * {aka unsigned char *}
../Core/Src/main.c:131:15: note: expected 'char *' but argument is of type 'uint8_t *' {aka 'unsigned char *'}
../Core/Src/main.c:132:15: warning: pointer targets in passing argument 1 of 'sprintf' differ in signedness [-Wpointer-sign]
  132 |       sprintf(&idk, "%5.2f", combinedR);
      |               ^~~~
      |               |
      |               uint8_t * {aka unsigned char *}
../Core/Src/main.c:132:15: note: expected 'char *' but argument is of type 'uint8_t *' {aka 'unsigned char *'}
../Core/Src/main.c:137:15: warning: pointer targets in passing argument 1 of 'sprintf' differ in signedness [-Wpointer-sign]
  137 |       sprintf(&temp[18], "%5.2f", pitchG);
      |               ^~~~~~~~~
      |               |
      |               uint8_t * {aka unsigned char *}
../Core/Src/main.c:137:15: note: expected 'char *' but argument is of type 'uint8_t *' {aka 'unsigned char *'}
../Core/Src/main.c:138:15: warning: pointer targets in passing argument 1 of 'sprintf' differ in signedness [-Wpointer-sign]
  138 |       sprintf(&temp[26], "%5.2f", rollG);
      |               ^~~~~~~~~
      |               |
      |               uint8_t * {aka unsigned char *}
../Core/Src/main.c:138:15: note: expected 'char *' but argument is of type 'uint8_t *' {aka 'unsigned char *'}
../Core/Src/main.c:143:33: warning: passing argument 2 of 'HAL_UART_Transmit' makes pointer from integer without a cast [-Wint-conversion]
  143 |       HAL_UART_Transmit(&huart3,idk,8,HAL_MAX_DELAY);
      |                                 ^~~
      |                                 |
      |                                 uint8_t {aka unsigned char}
In file included from ../Core/Inc/stm32f4xx_hal_conf.h:407,
                 from ../Drivers/STM32F4xx_HAL_Driver/Inc/stm32f4xx_hal.h:29,
                 from ../Core/Inc/main.h:30,
                 from ../Core/Src/main.c:20:
../Drivers/STM32F4xx_HAL_Driver/Inc/stm32f4xx_hal_uart.h:722:79: note: expected 'const uint8_t *' {aka 'const unsigned char *'} but argument is of type 'uint8_t' {aka 'unsigned char'}
  722 | HAL_StatusTypeDef HAL_UART_Transmit(UART_HandleTypeDef *huart, const uint8_t *pData, uint16_t Size, uint32_t Timeout);
      |                                                                ~~~~~~~~~~~~~~~^~~~~
../Core/Src/main.c:132:22: warning: '%5.2f' directive writing between 5 and 313 bytes into a region of size 1 [-Wformat-overflow=]
  132 |       sprintf(&idk, "%5.2f", combinedR);
      |                      ^~~~~
../Core/Src/main.c:132:7: note: 'sprintf' output between 6 and 314 bytes into a destination of size 1
  132 |       sprintf(&idk, "%5.2f", combinedR);
      |       ^~~~~~~~~~~~~~~~~~~~~~~~~~~~~~~~~
arm-none-eabi-gcc -o "lab2.elf" @"objects.list"   -mcpu=cortex-m4 -T"C:\Users\chan1017\Desktop\SC2104\lab2\STM32F407VETX_FLASH.ld" --specs=nosys.specs -Wl,-Map="lab2.map" -Wl,--gc-sections -static -u _printf_float --specs=nano.specs -mfpu=fpv4-sp-d16 -mfloat-abi=hard -mthumb -Wl,--start-group -lc -lm -Wl,--end-group
Finished building target: lab2.elf
 
arm-none-eabi-size   lab2.elf 
arm-none-eabi-objdump -h -S  lab2.elf  > "lab2.list"
   text	   data	    bss	    dec	    hex	filename
  32300	    484	   1764	  34548	   86f4	lab2.elf
Finished building: default.size.stdout
 
Finished building: lab2.list
 
16:06:33 **** Incremental Build of configuration Debug for project lab2 ****
make -j16 all 
arm-none-eabi-size   lab2.elf 
   text	   data	    bss	    dec	    hex	filename
  32300	    484	   1764	  34548	   86f4	lab2.elf
Finished building: default.size.stdout
 
16:07:21 **** Incremental Build of configuration Debug for project lab2 ****
make -j16 all 
arm-none-eabi-gcc "../Core/Src/main.c" -mcpu=cortex-m4 -std=gnu11 -g3 -DDEBUG -DUSE_HAL_DRIVER -DSTM32F407xx -c -I../Core/Inc -I../Drivers/STM32F4xx_HAL_Driver/Inc -I../Drivers/STM32F4xx_HAL_Driver/Inc/Legacy -I../Drivers/CMSIS/Device/ST/STM32F4xx/Include -I../Drivers/CMSIS/Include -O0 -ffunction-sections -fdata-sections -Wall -fstack-usage -MMD -MP -MF"Core/Src/main.d" -MT"Core/Src/main.o" --specs=nano.specs -mfpu=fpv4-sp-d16 -mfloat-abi=hard -mthumb -o "Core/Src/main.o"
../Core/Src/main.c: In function 'main':
../Core/Src/main.c:97:3: warning: implicit declaration of function 'IMU_Initialise' [-Wimplicit-function-declaration]
   97 |   IMU_Initialise(&imu,&hi2c1,&huart3);
      |   ^~~~~~~~~~~~~~
../Core/Src/main.c:110:4: warning: implicit declaration of function 'IMU_AccelRead' [-Wimplicit-function-declaration]
  110 |    IMU_AccelRead(&imu);
      |    ^~~~~~~~~~~~~
../Core/Src/main.c:111:7: warning: implicit declaration of function 'IMU_GyroRead'; did you mean 'IMU_TempRead'? [-Wimplicit-function-declaration]
  111 |       IMU_GyroRead(&imu);
      |       ^~~~~~~~~~~~
      |       IMU_TempRead
../Core/Src/main.c:112:16: warning: implicit declaration of function 'atan' [-Wimplicit-function-declaration]
  112 |       pitchA = atan(imu.acc[1]/imu.acc[2]);
      |                ^~~~
../Core/Src/main.c:112:16: warning: incompatible implicit declaration of built-in function 'atan'
../Core/Src/main.c:22:1: note: include '<math.h>' or provide a declaration of 'atan'
   21 | #include "ICM20948.h"
  +++ |+#include <math.h>
   22 | 
../Core/Src/main.c:124:7: warning: implicit declaration of function 'sprintf' [-Wimplicit-function-declaration]
  124 |       sprintf(&temp[2], "%5.2f", pitchA);
      |       ^~~~~~~
../Core/Src/main.c:124:7: warning: incompatible implicit declaration of built-in function 'sprintf'
../Core/Src/main.c:22:1: note: include '<stdio.h>' or provide a declaration of 'sprintf'
   21 | #include "ICM20948.h"
  +++ |+#include <stdio.h>
   22 | 
../Core/Src/main.c:124:15: warning: pointer targets in passing argument 1 of 'sprintf' differ in signedness [-Wpointer-sign]
  124 |       sprintf(&temp[2], "%5.2f", pitchA);
      |               ^~~~~~~~
      |               |
      |               uint8_t * {aka unsigned char *}
../Core/Src/main.c:124:15: note: expected 'char *' but argument is of type 'uint8_t *' {aka 'unsigned char *'}
../Core/Src/main.c:125:15: warning: pointer targets in passing argument 1 of 'sprintf' differ in signedness [-Wpointer-sign]
  125 |       sprintf(&temp[10], "%5.2f", rollA);
      |               ^~~~~~~~~
      |               |
      |               uint8_t * {aka unsigned char *}
../Core/Src/main.c:125:15: note: expected 'char *' but argument is of type 'uint8_t *' {aka 'unsigned char *'}
../Core/Src/main.c:130:15: warning: pointer targets in passing argument 1 of 'sprintf' differ in signedness [-Wpointer-sign]
  130 |       sprintf(&finalData[2], "%5.2f", combinedP);
      |               ^~~~~~~~~~~~~
      |               |
      |               uint8_t * {aka unsigned char *}
../Core/Src/main.c:130:15: note: expected 'char *' but argument is of type 'uint8_t *' {aka 'unsigned char *'}
../Core/Src/main.c:131:15: warning: pointer targets in passing argument 1 of 'sprintf' differ in signedness [-Wpointer-sign]
  131 |       sprintf(&finalData[10], "%5.2f", combinedR);
      |               ^~~~~~~~~~~~~~
      |               |
      |               uint8_t * {aka unsigned char *}
../Core/Src/main.c:131:15: note: expected 'char *' but argument is of type 'uint8_t *' {aka 'unsigned char *'}
../Core/Src/main.c:132:15: warning: pointer targets in passing argument 1 of 'sprintf' differ in signedness [-Wpointer-sign]
  132 |       sprintf(&idk[2], "%5.2f", combinedR);
      |               ^~~~~~~
      |               |
      |               uint8_t * {aka unsigned char *}
../Core/Src/main.c:132:15: note: expected 'char *' but argument is of type 'uint8_t *' {aka 'unsigned char *'}
../Core/Src/main.c:137:15: warning: pointer targets in passing argument 1 of 'sprintf' differ in signedness [-Wpointer-sign]
  137 |       sprintf(&temp[18], "%5.2f", pitchG);
      |               ^~~~~~~~~
      |               |
      |               uint8_t * {aka unsigned char *}
../Core/Src/main.c:137:15: note: expected 'char *' but argument is of type 'uint8_t *' {aka 'unsigned char *'}
../Core/Src/main.c:138:15: warning: pointer targets in passing argument 1 of 'sprintf' differ in signedness [-Wpointer-sign]
  138 |       sprintf(&temp[26], "%5.2f", rollG);
      |               ^~~~~~~~~
      |               |
      |               uint8_t * {aka unsigned char *}
../Core/Src/main.c:138:15: note: expected 'char *' but argument is of type 'uint8_t *' {aka 'unsigned char *'}
arm-none-eabi-gcc -o "lab2.elf" @"objects.list"   -mcpu=cortex-m4 -T"C:\Users\chan1017\Desktop\SC2104\lab2\STM32F407VETX_FLASH.ld" --specs=nosys.specs -Wl,-Map="lab2.map" -Wl,--gc-sections -static -u _printf_float --specs=nano.specs -mfpu=fpv4-sp-d16 -mfloat-abi=hard -mthumb -Wl,--start-group -lc -lm -Wl,--end-group
Finished building target: lab2.elf
 
arm-none-eabi-size   lab2.elf 
arm-none-eabi-objdump -h -S  lab2.elf  > "lab2.list"
   text	   data	    bss	    dec	    hex	filename
  32364	    484	   1764	  34612	   8734	lab2.elf
Finished building: default.size.stdout
 
Finished building: lab2.list
 
16:07:25 **** Incremental Build of configuration Debug for project lab2 ****
make -j16 all 
arm-none-eabi-size   lab2.elf 
   text	   data	    bss	    dec	    hex	filename
  32364	    484	   1764	  34612	   8734	lab2.elf
Finished building: default.size.stdout
 
16:17:25 **** Incremental Build of configuration Debug for project lab2 ****
make -j16 all 
arm-none-eabi-size   lab2.elf 
   text	   data	    bss	    dec	    hex	filename
  32364	    484	   1764	  34612	   8734	lab2.elf
Finished building: default.size.stdout
 
16:17:29 **** Incremental Build of configuration Debug for project lab2 ****
make -j16 all 
arm-none-eabi-size   lab2.elf 
   text	   data	    bss	    dec	    hex	filename
  32364	    484	   1764	  34612	   8734	lab2.elf
Finished building: default.size.stdout
 
16:18:38 **** Incremental Build of configuration Debug for project lab2 ****
make -j16 all 
arm-none-eabi-gcc "../Core/Src/main.c" -mcpu=cortex-m4 -std=gnu11 -g3 -DDEBUG -DUSE_HAL_DRIVER -DSTM32F407xx -c -I../Core/Inc -I../Drivers/STM32F4xx_HAL_Driver/Inc -I../Drivers/STM32F4xx_HAL_Driver/Inc/Legacy -I../Drivers/CMSIS/Device/ST/STM32F4xx/Include -I../Drivers/CMSIS/Include -O0 -ffunction-sections -fdata-sections -Wall -fstack-usage -MMD -MP -MF"Core/Src/main.d" -MT"Core/Src/main.o" --specs=nano.specs -mfpu=fpv4-sp-d16 -mfloat-abi=hard -mthumb -o "Core/Src/main.o"
../Core/Src/main.c: In function 'main':
../Core/Src/main.c:97:3: warning: implicit declaration of function 'IMU_Initialise' [-Wimplicit-function-declaration]
   97 |   IMU_Initialise(&imu,&hi2c1,&huart3);
      |   ^~~~~~~~~~~~~~
../Core/Src/main.c:110:4: warning: implicit declaration of function 'IMU_AccelRead' [-Wimplicit-function-declaration]
  110 |    IMU_AccelRead(&imu);
      |    ^~~~~~~~~~~~~
../Core/Src/main.c:111:7: warning: implicit declaration of function 'IMU_GyroRead'; did you mean 'IMU_TempRead'? [-Wimplicit-function-declaration]
  111 |       IMU_GyroRead(&imu);
      |       ^~~~~~~~~~~~
      |       IMU_TempRead
../Core/Src/main.c:112:16: warning: implicit declaration of function 'atan' [-Wimplicit-function-declaration]
  112 |       pitchA = atan(imu.acc[1]/imu.acc[2]);
      |                ^~~~
../Core/Src/main.c:112:16: warning: incompatible implicit declaration of built-in function 'atan'
../Core/Src/main.c:22:1: note: include '<math.h>' or provide a declaration of 'atan'
   21 | #include "ICM20948.h"
  +++ |+#include <math.h>
   22 | 
../Core/Src/main.c:124:7: warning: implicit declaration of function 'sprintf' [-Wimplicit-function-declaration]
  124 |       sprintf(&temp[2], "%5.2f", pitchA);
      |       ^~~~~~~
../Core/Src/main.c:124:7: warning: incompatible implicit declaration of built-in function 'sprintf'
../Core/Src/main.c:22:1: note: include '<stdio.h>' or provide a declaration of 'sprintf'
   21 | #include "ICM20948.h"
  +++ |+#include <stdio.h>
   22 | 
../Core/Src/main.c:124:15: warning: pointer targets in passing argument 1 of 'sprintf' differ in signedness [-Wpointer-sign]
  124 |       sprintf(&temp[2], "%5.2f", pitchA);
      |               ^~~~~~~~
      |               |
      |               uint8_t * {aka unsigned char *}
../Core/Src/main.c:124:15: note: expected 'char *' but argument is of type 'uint8_t *' {aka 'unsigned char *'}
../Core/Src/main.c:125:15: warning: pointer targets in passing argument 1 of 'sprintf' differ in signedness [-Wpointer-sign]
  125 |       sprintf(&temp[10], "%5.2f", rollA);
      |               ^~~~~~~~~
      |               |
      |               uint8_t * {aka unsigned char *}
../Core/Src/main.c:125:15: note: expected 'char *' but argument is of type 'uint8_t *' {aka 'unsigned char *'}
../Core/Src/main.c:130:15: warning: pointer targets in passing argument 1 of 'sprintf' differ in signedness [-Wpointer-sign]
  130 |       sprintf(&finalData[2], "%5.2f", combinedP);
      |               ^~~~~~~~~~~~~
      |               |
      |               uint8_t * {aka unsigned char *}
../Core/Src/main.c:130:15: note: expected 'char *' but argument is of type 'uint8_t *' {aka 'unsigned char *'}
../Core/Src/main.c:131:15: warning: pointer targets in passing argument 1 of 'sprintf' differ in signedness [-Wpointer-sign]
  131 |       sprintf(&finalData[10], "%5.2f", combinedR);
      |               ^~~~~~~~~~~~~~
      |               |
      |               uint8_t * {aka unsigned char *}
../Core/Src/main.c:131:15: note: expected 'char *' but argument is of type 'uint8_t *' {aka 'unsigned char *'}
../Core/Src/main.c:137:15: warning: pointer targets in passing argument 1 of 'sprintf' differ in signedness [-Wpointer-sign]
  137 |       sprintf(&temp[18], "%5.2f", pitchG);
      |               ^~~~~~~~~
      |               |
      |               uint8_t * {aka unsigned char *}
../Core/Src/main.c:137:15: note: expected 'char *' but argument is of type 'uint8_t *' {aka 'unsigned char *'}
../Core/Src/main.c:138:15: warning: pointer targets in passing argument 1 of 'sprintf' differ in signedness [-Wpointer-sign]
  138 |       sprintf(&temp[26], "%5.2f", rollG);
      |               ^~~~~~~~~
      |               |
      |               uint8_t * {aka unsigned char *}
../Core/Src/main.c:138:15: note: expected 'char *' but argument is of type 'uint8_t *' {aka 'unsigned char *'}
arm-none-eabi-gcc -o "lab2.elf" @"objects.list"   -mcpu=cortex-m4 -T"C:\Users\chan1017\Desktop\SC2104\lab2\STM32F407VETX_FLASH.ld" --specs=nosys.specs -Wl,-Map="lab2.map" -Wl,--gc-sections -static -u _printf_float --specs=nano.specs -mfpu=fpv4-sp-d16 -mfloat-abi=hard -mthumb -Wl,--start-group -lc -lm -Wl,--end-group
Finished building target: lab2.elf
 
arm-none-eabi-size   lab2.elf 
arm-none-eabi-objdump -h -S  lab2.elf  > "lab2.list"
   text	   data	    bss	    dec	    hex	filename
  32292	    484	   1764	  34540	   86ec	lab2.elf
Finished building: default.size.stdout
 
Finished building: lab2.list
 
16:18:42 **** Incremental Build of configuration Debug for project lab2 ****
make -j16 all 
arm-none-eabi-size   lab2.elf 
   text	   data	    bss	    dec	    hex	filename
  32292	    484	   1764	  34540	   86ec	lab2.elf
Finished building: default.size.stdout
 
16:23:27 **** Incremental Build of configuration Debug for project lab2 ****
make -j16 all 
arm-none-eabi-gcc "../Core/Src/main.c" -mcpu=cortex-m4 -std=gnu11 -g3 -DDEBUG -DUSE_HAL_DRIVER -DSTM32F407xx -c -I../Core/Inc -I../Drivers/STM32F4xx_HAL_Driver/Inc -I../Drivers/STM32F4xx_HAL_Driver/Inc/Legacy -I../Drivers/CMSIS/Device/ST/STM32F4xx/Include -I../Drivers/CMSIS/Include -O0 -ffunction-sections -fdata-sections -Wall -fstack-usage -MMD -MP -MF"Core/Src/main.d" -MT"Core/Src/main.o" --specs=nano.specs -mfpu=fpv4-sp-d16 -mfloat-abi=hard -mthumb -o "Core/Src/main.o"
../Core/Src/main.c: In function 'main':
../Core/Src/main.c:97:3: warning: implicit declaration of function 'IMU_Initialise' [-Wimplicit-function-declaration]
   97 |   IMU_Initialise(&imu,&hi2c1,&huart3);
      |   ^~~~~~~~~~~~~~
../Core/Src/main.c:110:4: warning: implicit declaration of function 'IMU_AccelRead' [-Wimplicit-function-declaration]
  110 |    IMU_AccelRead(&imu);
      |    ^~~~~~~~~~~~~
../Core/Src/main.c:111:7: warning: implicit declaration of function 'IMU_GyroRead'; did you mean 'IMU_TempRead'? [-Wimplicit-function-declaration]
  111 |       IMU_GyroRead(&imu);
      |       ^~~~~~~~~~~~
      |       IMU_TempRead
../Core/Src/main.c:112:16: warning: implicit declaration of function 'atan' [-Wimplicit-function-declaration]
  112 |       pitchA = atan(imu.acc[1]/imu.acc[2]);
      |                ^~~~
../Core/Src/main.c:112:16: warning: incompatible implicit declaration of built-in function 'atan'
../Core/Src/main.c:22:1: note: include '<math.h>' or provide a declaration of 'atan'
   21 | #include "ICM20948.h"
  +++ |+#include <math.h>
   22 | 
../Core/Src/main.c:124:7: warning: implicit declaration of function 'sprintf' [-Wimplicit-function-declaration]
  124 |       sprintf(&temp[2], "%5.2f", pitchA);
      |       ^~~~~~~
../Core/Src/main.c:124:7: warning: incompatible implicit declaration of built-in function 'sprintf'
../Core/Src/main.c:22:1: note: include '<stdio.h>' or provide a declaration of 'sprintf'
   21 | #include "ICM20948.h"
  +++ |+#include <stdio.h>
   22 | 
../Core/Src/main.c:124:15: warning: pointer targets in passing argument 1 of 'sprintf' differ in signedness [-Wpointer-sign]
  124 |       sprintf(&temp[2], "%5.2f", pitchA);
      |               ^~~~~~~~
      |               |
      |               uint8_t * {aka unsigned char *}
../Core/Src/main.c:124:15: note: expected 'char *' but argument is of type 'uint8_t *' {aka 'unsigned char *'}
../Core/Src/main.c:125:15: warning: pointer targets in passing argument 1 of 'sprintf' differ in signedness [-Wpointer-sign]
  125 |       sprintf(&temp[10], "%5.2f", rollA);
      |               ^~~~~~~~~
      |               |
      |               uint8_t * {aka unsigned char *}
../Core/Src/main.c:125:15: note: expected 'char *' but argument is of type 'uint8_t *' {aka 'unsigned char *'}
../Core/Src/main.c:130:15: warning: pointer targets in passing argument 1 of 'sprintf' differ in signedness [-Wpointer-sign]
  130 |       sprintf(&finalData[2], "%5.2f", combinedP);
      |               ^~~~~~~~~~~~~
      |               |
      |               uint8_t * {aka unsigned char *}
../Core/Src/main.c:130:15: note: expected 'char *' but argument is of type 'uint8_t *' {aka 'unsigned char *'}
../Core/Src/main.c:131:15: warning: pointer targets in passing argument 1 of 'sprintf' differ in signedness [-Wpointer-sign]
  131 |       sprintf(&finalData[10], "%5.2f", combinedR);
      |               ^~~~~~~~~~~~~~
      |               |
      |               uint8_t * {aka unsigned char *}
../Core/Src/main.c:131:15: note: expected 'char *' but argument is of type 'uint8_t *' {aka 'unsigned char *'}
../Core/Src/main.c:137:15: warning: pointer targets in passing argument 1 of 'sprintf' differ in signedness [-Wpointer-sign]
  137 |       sprintf(&temp[18], "%5.2f", pitchG);
      |               ^~~~~~~~~
      |               |
      |               uint8_t * {aka unsigned char *}
../Core/Src/main.c:137:15: note: expected 'char *' but argument is of type 'uint8_t *' {aka 'unsigned char *'}
../Core/Src/main.c:138:15: warning: pointer targets in passing argument 1 of 'sprintf' differ in signedness [-Wpointer-sign]
  138 |       sprintf(&temp[26], "%5.2f", rollG);
      |               ^~~~~~~~~
      |               |
      |               uint8_t * {aka unsigned char *}
../Core/Src/main.c:138:15: note: expected 'char *' but argument is of type 'uint8_t *' {aka 'unsigned char *'}
arm-none-eabi-gcc -o "lab2.elf" @"objects.list"   -mcpu=cortex-m4 -T"C:\Users\chan1017\Desktop\SC2104\lab2\STM32F407VETX_FLASH.ld" --specs=nosys.specs -Wl,-Map="lab2.map" -Wl,--gc-sections -static -u _printf_float --specs=nano.specs -mfpu=fpv4-sp-d16 -mfloat-abi=hard -mthumb -Wl,--start-group -lc -lm -Wl,--end-group
Finished building target: lab2.elf
 
arm-none-eabi-size   lab2.elf 
arm-none-eabi-objdump -h -S  lab2.elf  > "lab2.list"
   text	   data	    bss	    dec	    hex	filename
  32276	    484	   1764	  34524	   86dc	lab2.elf
Finished building: default.size.stdout
 
Finished building: lab2.list
 
16:23:30 **** Incremental Build of configuration Debug for project lab2 ****
make -j16 all 
arm-none-eabi-size   lab2.elf 
   text	   data	    bss	    dec	    hex	filename
  32276	    484	   1764	  34524	   86dc	lab2.elf
Finished building: default.size.stdout
 
16:30:14 **** Incremental Build of configuration Debug for project lab2 ****
make -j16 all 
arm-none-eabi-gcc "../Core/Src/main.c" -mcpu=cortex-m4 -std=gnu11 -g3 -DDEBUG -DUSE_HAL_DRIVER -DSTM32F407xx -c -I../Core/Inc -I../Drivers/STM32F4xx_HAL_Driver/Inc -I../Drivers/STM32F4xx_HAL_Driver/Inc/Legacy -I../Drivers/CMSIS/Device/ST/STM32F4xx/Include -I../Drivers/CMSIS/Include -O0 -ffunction-sections -fdata-sections -Wall -fstack-usage -MMD -MP -MF"Core/Src/main.d" -MT"Core/Src/main.o" --specs=nano.specs -mfpu=fpv4-sp-d16 -mfloat-abi=hard -mthumb -o "Core/Src/main.o"
../Core/Src/main.c: In function 'main':
../Core/Src/main.c:97:3: warning: implicit declaration of function 'IMU_Initialise' [-Wimplicit-function-declaration]
   97 |   IMU_Initialise(&imu,&hi2c1,&huart3);
      |   ^~~~~~~~~~~~~~
../Core/Src/main.c:110:4: warning: implicit declaration of function 'IMU_AccelRead' [-Wimplicit-function-declaration]
  110 |    IMU_AccelRead(&imu);
      |    ^~~~~~~~~~~~~
../Core/Src/main.c:111:7: warning: implicit declaration of function 'IMU_GyroRead'; did you mean 'IMU_TempRead'? [-Wimplicit-function-declaration]
  111 |       IMU_GyroRead(&imu);
      |       ^~~~~~~~~~~~
      |       IMU_TempRead
../Core/Src/main.c:112:16: warning: implicit declaration of function 'atan' [-Wimplicit-function-declaration]
  112 |       pitchA = atan(imu.acc[1]/imu.acc[2]);
      |                ^~~~
../Core/Src/main.c:112:16: warning: incompatible implicit declaration of built-in function 'atan'
../Core/Src/main.c:22:1: note: include '<math.h>' or provide a declaration of 'atan'
   21 | #include "ICM20948.h"
  +++ |+#include <math.h>
   22 | 
../Core/Src/main.c:124:7: warning: implicit declaration of function 'sprintf' [-Wimplicit-function-declaration]
  124 |       sprintf(&temp[2], "%5.2f", pitchA);
      |       ^~~~~~~
../Core/Src/main.c:124:7: warning: incompatible implicit declaration of built-in function 'sprintf'
../Core/Src/main.c:22:1: note: include '<stdio.h>' or provide a declaration of 'sprintf'
   21 | #include "ICM20948.h"
  +++ |+#include <stdio.h>
   22 | 
../Core/Src/main.c:124:15: warning: pointer targets in passing argument 1 of 'sprintf' differ in signedness [-Wpointer-sign]
  124 |       sprintf(&temp[2], "%5.2f", pitchA);
      |               ^~~~~~~~
      |               |
      |               uint8_t * {aka unsigned char *}
../Core/Src/main.c:124:15: note: expected 'char *' but argument is of type 'uint8_t *' {aka 'unsigned char *'}
../Core/Src/main.c:125:15: warning: pointer targets in passing argument 1 of 'sprintf' differ in signedness [-Wpointer-sign]
  125 |       sprintf(&temp[10], "%5.2f", rollA);
      |               ^~~~~~~~~
      |               |
      |               uint8_t * {aka unsigned char *}
../Core/Src/main.c:125:15: note: expected 'char *' but argument is of type 'uint8_t *' {aka 'unsigned char *'}
../Core/Src/main.c:130:15: warning: pointer targets in passing argument 1 of 'sprintf' differ in signedness [-Wpointer-sign]
  130 |       sprintf(&finalData[2], "%5.2f", combinedP);
      |               ^~~~~~~~~~~~~
      |               |
      |               uint8_t * {aka unsigned char *}
../Core/Src/main.c:130:15: note: expected 'char *' but argument is of type 'uint8_t *' {aka 'unsigned char *'}
../Core/Src/main.c:131:15: warning: pointer targets in passing argument 1 of 'sprintf' differ in signedness [-Wpointer-sign]
  131 |       sprintf(&finalData[10], "%5.2f", combinedR);
      |               ^~~~~~~~~~~~~~
      |               |
      |               uint8_t * {aka unsigned char *}
../Core/Src/main.c:131:15: note: expected 'char *' but argument is of type 'uint8_t *' {aka 'unsigned char *'}
../Core/Src/main.c:137:15: warning: pointer targets in passing argument 1 of 'sprintf' differ in signedness [-Wpointer-sign]
  137 |       sprintf(&temp[18], "%5.2f", pitchG);
      |               ^~~~~~~~~
      |               |
      |               uint8_t * {aka unsigned char *}
../Core/Src/main.c:137:15: note: expected 'char *' but argument is of type 'uint8_t *' {aka 'unsigned char *'}
../Core/Src/main.c:138:15: warning: pointer targets in passing argument 1 of 'sprintf' differ in signedness [-Wpointer-sign]
  138 |       sprintf(&temp[26], "%5.2f", rollG);
      |               ^~~~~~~~~
      |               |
      |               uint8_t * {aka unsigned char *}
../Core/Src/main.c:138:15: note: expected 'char *' but argument is of type 'uint8_t *' {aka 'unsigned char *'}
arm-none-eabi-gcc -o "lab2.elf" @"objects.list"   -mcpu=cortex-m4 -T"C:\Users\chan1017\Desktop\SC2104\lab2\STM32F407VETX_FLASH.ld" --specs=nosys.specs -Wl,-Map="lab2.map" -Wl,--gc-sections -static -u _printf_float --specs=nano.specs -mfpu=fpv4-sp-d16 -mfloat-abi=hard -mthumb -Wl,--start-group -lc -lm -Wl,--end-group
Finished building target: lab2.elf
 
arm-none-eabi-size   lab2.elf 
arm-none-eabi-objdump -h -S  lab2.elf  > "lab2.list"
   text	   data	    bss	    dec	    hex	filename
  32276	    484	   1764	  34524	   86dc	lab2.elf
Finished building: default.size.stdout
 
Finished building: lab2.list
 
16:30:19 **** Incremental Build of configuration Debug for project lab2 ****
make -j16 all 
arm-none-eabi-size   lab2.elf 
   text	   data	    bss	    dec	    hex	filename
  32276	    484	   1764	  34524	   86dc	lab2.elf
Finished building: default.size.stdout
 
16:31:50 **** Incremental Build of configuration Debug for project lab2 ****
make -j16 all 
arm-none-eabi-gcc "../Core/Src/main.c" -mcpu=cortex-m4 -std=gnu11 -g3 -DDEBUG -DUSE_HAL_DRIVER -DSTM32F407xx -c -I../Core/Inc -I../Drivers/STM32F4xx_HAL_Driver/Inc -I../Drivers/STM32F4xx_HAL_Driver/Inc/Legacy -I../Drivers/CMSIS/Device/ST/STM32F4xx/Include -I../Drivers/CMSIS/Include -O0 -ffunction-sections -fdata-sections -Wall -fstack-usage -MMD -MP -MF"Core/Src/main.d" -MT"Core/Src/main.o" --specs=nano.specs -mfpu=fpv4-sp-d16 -mfloat-abi=hard -mthumb -o "Core/Src/main.o"
../Core/Src/main.c: In function 'main':
../Core/Src/main.c:97:3: warning: implicit declaration of function 'IMU_Initialise' [-Wimplicit-function-declaration]
   97 |   IMU_Initialise(&imu,&hi2c1,&huart3);
      |   ^~~~~~~~~~~~~~
../Core/Src/main.c:110:4: warning: implicit declaration of function 'IMU_AccelRead' [-Wimplicit-function-declaration]
  110 |    IMU_AccelRead(&imu);
      |    ^~~~~~~~~~~~~
../Core/Src/main.c:111:7: warning: implicit declaration of function 'IMU_GyroRead'; did you mean 'IMU_TempRead'? [-Wimplicit-function-declaration]
  111 |       IMU_GyroRead(&imu);
      |       ^~~~~~~~~~~~
      |       IMU_TempRead
../Core/Src/main.c:112:16: warning: implicit declaration of function 'atan' [-Wimplicit-function-declaration]
  112 |       pitchA = atan(imu.acc[1]/imu.acc[2]);
      |                ^~~~
../Core/Src/main.c:112:16: warning: incompatible implicit declaration of built-in function 'atan'
../Core/Src/main.c:22:1: note: include '<math.h>' or provide a declaration of 'atan'
   21 | #include "ICM20948.h"
  +++ |+#include <math.h>
   22 | 
../Core/Src/main.c:124:7: warning: implicit declaration of function 'sprintf' [-Wimplicit-function-declaration]
  124 |       sprintf(&temp[2], "%5.2f", pitchA);
      |       ^~~~~~~
../Core/Src/main.c:124:7: warning: incompatible implicit declaration of built-in function 'sprintf'
../Core/Src/main.c:22:1: note: include '<stdio.h>' or provide a declaration of 'sprintf'
   21 | #include "ICM20948.h"
  +++ |+#include <stdio.h>
   22 | 
../Core/Src/main.c:124:15: warning: pointer targets in passing argument 1 of 'sprintf' differ in signedness [-Wpointer-sign]
  124 |       sprintf(&temp[2], "%5.2f", pitchA);
      |               ^~~~~~~~
      |               |
      |               uint8_t * {aka unsigned char *}
../Core/Src/main.c:124:15: note: expected 'char *' but argument is of type 'uint8_t *' {aka 'unsigned char *'}
../Core/Src/main.c:125:15: warning: pointer targets in passing argument 1 of 'sprintf' differ in signedness [-Wpointer-sign]
  125 |       sprintf(&temp[10], "%5.2f", rollA);
      |               ^~~~~~~~~
      |               |
      |               uint8_t * {aka unsigned char *}
../Core/Src/main.c:125:15: note: expected 'char *' but argument is of type 'uint8_t *' {aka 'unsigned char *'}
../Core/Src/main.c:130:15: warning: pointer targets in passing argument 1 of 'sprintf' differ in signedness [-Wpointer-sign]
  130 |       sprintf(&finalData[2], "%5.2f", combinedP);
      |               ^~~~~~~~~~~~~
      |               |
      |               uint8_t * {aka unsigned char *}
../Core/Src/main.c:130:15: note: expected 'char *' but argument is of type 'uint8_t *' {aka 'unsigned char *'}
../Core/Src/main.c:131:15: warning: pointer targets in passing argument 1 of 'sprintf' differ in signedness [-Wpointer-sign]
  131 |       sprintf(&finalData[10], "%5.2f", combinedR);
      |               ^~~~~~~~~~~~~~
      |               |
      |               uint8_t * {aka unsigned char *}
../Core/Src/main.c:131:15: note: expected 'char *' but argument is of type 'uint8_t *' {aka 'unsigned char *'}
../Core/Src/main.c:138:15: warning: pointer targets in passing argument 1 of 'sprintf' differ in signedness [-Wpointer-sign]
  138 |       sprintf(&temp[18], "%5.2f", pitchG);
      |               ^~~~~~~~~
      |               |
      |               uint8_t * {aka unsigned char *}
../Core/Src/main.c:138:15: note: expected 'char *' but argument is of type 'uint8_t *' {aka 'unsigned char *'}
../Core/Src/main.c:139:15: warning: pointer targets in passing argument 1 of 'sprintf' differ in signedness [-Wpointer-sign]
  139 |       sprintf(&temp[26], "%5.2f", rollG);
      |               ^~~~~~~~~
      |               |
      |               uint8_t * {aka unsigned char *}
../Core/Src/main.c:139:15: note: expected 'char *' but argument is of type 'uint8_t *' {aka 'unsigned char *'}
arm-none-eabi-gcc -o "lab2.elf" @"objects.list"   -mcpu=cortex-m4 -T"C:\Users\chan1017\Desktop\SC2104\lab2\STM32F407VETX_FLASH.ld" --specs=nosys.specs -Wl,-Map="lab2.map" -Wl,--gc-sections -static -u _printf_float --specs=nano.specs -mfpu=fpv4-sp-d16 -mfloat-abi=hard -mthumb -Wl,--start-group -lc -lm -Wl,--end-group
Finished building target: lab2.elf
 
arm-none-eabi-size   lab2.elf 
arm-none-eabi-objdump -h -S  lab2.elf  > "lab2.list"
   text	   data	    bss	    dec	    hex	filename
  32276	    484	   1764	  34524	   86dc	lab2.elf
Finished building: default.size.stdout
 
Finished building: lab2.list
 
16:31:54 **** Incremental Build of configuration Debug for project lab2 ****
make -j16 all 
arm-none-eabi-size   lab2.elf 
   text	   data	    bss	    dec	    hex	filename
  32276	    484	   1764	  34524	   86dc	lab2.elf
Finished building: default.size.stdout
 
16:37:19 **** Incremental Build of configuration Debug for project lab2 ****
make -j16 all 
arm-none-eabi-gcc "../Core/Src/main.c" -mcpu=cortex-m4 -std=gnu11 -g3 -DDEBUG -DUSE_HAL_DRIVER -DSTM32F407xx -c -I../Core/Inc -I../Drivers/STM32F4xx_HAL_Driver/Inc -I../Drivers/STM32F4xx_HAL_Driver/Inc/Legacy -I../Drivers/CMSIS/Device/ST/STM32F4xx/Include -I../Drivers/CMSIS/Include -O0 -ffunction-sections -fdata-sections -Wall -fstack-usage -MMD -MP -MF"Core/Src/main.d" -MT"Core/Src/main.o" --specs=nano.specs -mfpu=fpv4-sp-d16 -mfloat-abi=hard -mthumb -o "Core/Src/main.o"
../Core/Src/main.c: In function 'main':
../Core/Src/main.c:97:3: warning: implicit declaration of function 'IMU_Initialise' [-Wimplicit-function-declaration]
   97 |   IMU_Initialise(&imu,&hi2c1,&huart3);
      |   ^~~~~~~~~~~~~~
../Core/Src/main.c:110:4: warning: implicit declaration of function 'IMU_AccelRead' [-Wimplicit-function-declaration]
  110 |    IMU_AccelRead(&imu);
      |    ^~~~~~~~~~~~~
../Core/Src/main.c:111:7: warning: implicit declaration of function 'IMU_GyroRead'; did you mean 'IMU_TempRead'? [-Wimplicit-function-declaration]
  111 |       IMU_GyroRead(&imu);
      |       ^~~~~~~~~~~~
      |       IMU_TempRead
../Core/Src/main.c:112:16: warning: implicit declaration of function 'atan' [-Wimplicit-function-declaration]
  112 |       pitchA = atan(imu.acc[1]/imu.acc[2]);
      |                ^~~~
../Core/Src/main.c:112:16: warning: incompatible implicit declaration of built-in function 'atan'
../Core/Src/main.c:22:1: note: include '<math.h>' or provide a declaration of 'atan'
   21 | #include "ICM20948.h"
  +++ |+#include <math.h>
   22 | 
../Core/Src/main.c:124:7: warning: implicit declaration of function 'sprintf' [-Wimplicit-function-declaration]
  124 |       sprintf(&temp[2], "%5.2f", pitchA);
      |       ^~~~~~~
../Core/Src/main.c:124:7: warning: incompatible implicit declaration of built-in function 'sprintf'
../Core/Src/main.c:22:1: note: include '<stdio.h>' or provide a declaration of 'sprintf'
   21 | #include "ICM20948.h"
  +++ |+#include <stdio.h>
   22 | 
../Core/Src/main.c:124:15: warning: pointer targets in passing argument 1 of 'sprintf' differ in signedness [-Wpointer-sign]
  124 |       sprintf(&temp[2], "%5.2f", pitchA);
      |               ^~~~~~~~
      |               |
      |               uint8_t * {aka unsigned char *}
../Core/Src/main.c:124:15: note: expected 'char *' but argument is of type 'uint8_t *' {aka 'unsigned char *'}
../Core/Src/main.c:125:15: warning: pointer targets in passing argument 1 of 'sprintf' differ in signedness [-Wpointer-sign]
  125 |       sprintf(&temp[10], "%5.2f", rollA);
      |               ^~~~~~~~~
      |               |
      |               uint8_t * {aka unsigned char *}
../Core/Src/main.c:125:15: note: expected 'char *' but argument is of type 'uint8_t *' {aka 'unsigned char *'}
../Core/Src/main.c:130:15: warning: pointer targets in passing argument 1 of 'sprintf' differ in signedness [-Wpointer-sign]
  130 |       sprintf(&finalData[2], "%5.2f", combinedP);
      |               ^~~~~~~~~~~~~
      |               |
      |               uint8_t * {aka unsigned char *}
../Core/Src/main.c:130:15: note: expected 'char *' but argument is of type 'uint8_t *' {aka 'unsigned char *'}
../Core/Src/main.c:131:15: warning: pointer targets in passing argument 1 of 'sprintf' differ in signedness [-Wpointer-sign]
  131 |       sprintf(&finalData[10], "%5.2f", combinedR);
      |               ^~~~~~~~~~~~~~
      |               |
      |               uint8_t * {aka unsigned char *}
../Core/Src/main.c:131:15: note: expected 'char *' but argument is of type 'uint8_t *' {aka 'unsigned char *'}
../Core/Src/main.c:138:15: warning: pointer targets in passing argument 1 of 'sprintf' differ in signedness [-Wpointer-sign]
  138 |       sprintf(&temp[18], "%5.2f", pitchG);
      |               ^~~~~~~~~
      |               |
      |               uint8_t * {aka unsigned char *}
../Core/Src/main.c:138:15: note: expected 'char *' but argument is of type 'uint8_t *' {aka 'unsigned char *'}
../Core/Src/main.c:139:15: warning: pointer targets in passing argument 1 of 'sprintf' differ in signedness [-Wpointer-sign]
  139 |       sprintf(&temp[26], "%5.2f", rollG);
      |               ^~~~~~~~~
      |               |
      |               uint8_t * {aka unsigned char *}
../Core/Src/main.c:139:15: note: expected 'char *' but argument is of type 'uint8_t *' {aka 'unsigned char *'}
../Core/Src/main.c:144:42: warning: passing argument 2 of 'HAL_UART_Transmit' makes pointer from integer without a cast [-Wint-conversion]
  144 |       HAL_UART_Transmit(&huart3,finalData[10],10,HAL_MAX_DELAY);
      |                                 ~~~~~~~~~^~~~
      |                                          |
      |                                          uint8_t {aka unsigned char}
In file included from ../Core/Inc/stm32f4xx_hal_conf.h:407,
                 from ../Drivers/STM32F4xx_HAL_Driver/Inc/stm32f4xx_hal.h:29,
                 from ../Core/Inc/main.h:30,
                 from ../Core/Src/main.c:20:
../Drivers/STM32F4xx_HAL_Driver/Inc/stm32f4xx_hal_uart.h:722:79: note: expected 'const uint8_t *' {aka 'const unsigned char *'} but argument is of type 'uint8_t' {aka 'unsigned char'}
  722 | HAL_StatusTypeDef HAL_UART_Transmit(UART_HandleTypeDef *huart, const uint8_t *pData, uint16_t Size, uint32_t Timeout);
      |                                                                ~~~~~~~~~~~~~~~^~~~~
arm-none-eabi-gcc -o "lab2.elf" @"objects.list"   -mcpu=cortex-m4 -T"C:\Users\chan1017\Desktop\SC2104\lab2\STM32F407VETX_FLASH.ld" --specs=nosys.specs -Wl,-Map="lab2.map" -Wl,--gc-sections -static -u _printf_float --specs=nano.specs -mfpu=fpv4-sp-d16 -mfloat-abi=hard -mthumb -Wl,--start-group -lc -lm -Wl,--end-group
Finished building target: lab2.elf
 
arm-none-eabi-size   lab2.elf 
arm-none-eabi-objdump -h -S  lab2.elf  > "lab2.list"
   text	   data	    bss	    dec	    hex	filename
  32284	    484	   1764	  34532	   86e4	lab2.elf
Finished building: default.size.stdout
 
Finished building: lab2.list
 
16:37:23 **** Incremental Build of configuration Debug for project lab2 ****
make -j16 all 
arm-none-eabi-size   lab2.elf 
   text	   data	    bss	    dec	    hex	filename
  32284	    484	   1764	  34532	   86e4	lab2.elf
Finished building: default.size.stdout
 
16:38:07 **** Incremental Build of configuration Debug for project lab2 ****
make -j16 all 
arm-none-eabi-gcc "../Core/Src/main.c" -mcpu=cortex-m4 -std=gnu11 -g3 -DDEBUG -DUSE_HAL_DRIVER -DSTM32F407xx -c -I../Core/Inc -I../Drivers/STM32F4xx_HAL_Driver/Inc -I../Drivers/STM32F4xx_HAL_Driver/Inc/Legacy -I../Drivers/CMSIS/Device/ST/STM32F4xx/Include -I../Drivers/CMSIS/Include -O0 -ffunction-sections -fdata-sections -Wall -fstack-usage -MMD -MP -MF"Core/Src/main.d" -MT"Core/Src/main.o" --specs=nano.specs -mfpu=fpv4-sp-d16 -mfloat-abi=hard -mthumb -o "Core/Src/main.o"
../Core/Src/main.c: In function 'main':
../Core/Src/main.c:97:3: warning: implicit declaration of function 'IMU_Initialise' [-Wimplicit-function-declaration]
   97 |   IMU_Initialise(&imu,&hi2c1,&huart3);
      |   ^~~~~~~~~~~~~~
../Core/Src/main.c:110:4: warning: implicit declaration of function 'IMU_AccelRead' [-Wimplicit-function-declaration]
  110 |    IMU_AccelRead(&imu);
      |    ^~~~~~~~~~~~~
../Core/Src/main.c:111:7: warning: implicit declaration of function 'IMU_GyroRead'; did you mean 'IMU_TempRead'? [-Wimplicit-function-declaration]
  111 |       IMU_GyroRead(&imu);
      |       ^~~~~~~~~~~~
      |       IMU_TempRead
../Core/Src/main.c:112:16: warning: implicit declaration of function 'atan' [-Wimplicit-function-declaration]
  112 |       pitchA = atan(imu.acc[1]/imu.acc[2]);
      |                ^~~~
../Core/Src/main.c:112:16: warning: incompatible implicit declaration of built-in function 'atan'
../Core/Src/main.c:22:1: note: include '<math.h>' or provide a declaration of 'atan'
   21 | #include "ICM20948.h"
  +++ |+#include <math.h>
   22 | 
../Core/Src/main.c:124:7: warning: implicit declaration of function 'sprintf' [-Wimplicit-function-declaration]
  124 |       sprintf(&temp[2], "%5.2f", pitchA);
      |       ^~~~~~~
../Core/Src/main.c:124:7: warning: incompatible implicit declaration of built-in function 'sprintf'
../Core/Src/main.c:22:1: note: include '<stdio.h>' or provide a declaration of 'sprintf'
   21 | #include "ICM20948.h"
  +++ |+#include <stdio.h>
   22 | 
../Core/Src/main.c:124:15: warning: pointer targets in passing argument 1 of 'sprintf' differ in signedness [-Wpointer-sign]
  124 |       sprintf(&temp[2], "%5.2f", pitchA);
      |               ^~~~~~~~
      |               |
      |               uint8_t * {aka unsigned char *}
../Core/Src/main.c:124:15: note: expected 'char *' but argument is of type 'uint8_t *' {aka 'unsigned char *'}
../Core/Src/main.c:125:15: warning: pointer targets in passing argument 1 of 'sprintf' differ in signedness [-Wpointer-sign]
  125 |       sprintf(&temp[10], "%5.2f", rollA);
      |               ^~~~~~~~~
      |               |
      |               uint8_t * {aka unsigned char *}
../Core/Src/main.c:125:15: note: expected 'char *' but argument is of type 'uint8_t *' {aka 'unsigned char *'}
../Core/Src/main.c:130:15: warning: pointer targets in passing argument 1 of 'sprintf' differ in signedness [-Wpointer-sign]
  130 |       sprintf(&finalData[2], "%5.2f", combinedP);
      |               ^~~~~~~~~~~~~
      |               |
      |               uint8_t * {aka unsigned char *}
../Core/Src/main.c:130:15: note: expected 'char *' but argument is of type 'uint8_t *' {aka 'unsigned char *'}
../Core/Src/main.c:131:15: warning: pointer targets in passing argument 1 of 'sprintf' differ in signedness [-Wpointer-sign]
  131 |       sprintf(&finalData[10], "%5.2f", combinedR);
      |               ^~~~~~~~~~~~~~
      |               |
      |               uint8_t * {aka unsigned char *}
../Core/Src/main.c:131:15: note: expected 'char *' but argument is of type 'uint8_t *' {aka 'unsigned char *'}
../Core/Src/main.c:138:15: warning: pointer targets in passing argument 1 of 'sprintf' differ in signedness [-Wpointer-sign]
  138 |       sprintf(&temp[18], "%5.2f", pitchG);
      |               ^~~~~~~~~
      |               |
      |               uint8_t * {aka unsigned char *}
../Core/Src/main.c:138:15: note: expected 'char *' but argument is of type 'uint8_t *' {aka 'unsigned char *'}
../Core/Src/main.c:139:15: warning: pointer targets in passing argument 1 of 'sprintf' differ in signedness [-Wpointer-sign]
  139 |       sprintf(&temp[26], "%5.2f", rollG);
      |               ^~~~~~~~~
      |               |
      |               uint8_t * {aka unsigned char *}
../Core/Src/main.c:139:15: note: expected 'char *' but argument is of type 'uint8_t *' {aka 'unsigned char *'}
../Core/Src/main.c:144:42: warning: passing argument 2 of 'HAL_UART_Transmit' makes pointer from integer without a cast [-Wint-conversion]
  144 |       HAL_UART_Transmit(&huart3,finalData[10],9,HAL_MAX_DELAY);
      |                                 ~~~~~~~~~^~~~
      |                                          |
      |                                          uint8_t {aka unsigned char}
In file included from ../Core/Inc/stm32f4xx_hal_conf.h:407,
                 from ../Drivers/STM32F4xx_HAL_Driver/Inc/stm32f4xx_hal.h:29,
                 from ../Core/Inc/main.h:30,
                 from ../Core/Src/main.c:20:
../Drivers/STM32F4xx_HAL_Driver/Inc/stm32f4xx_hal_uart.h:722:79: note: expected 'const uint8_t *' {aka 'const unsigned char *'} but argument is of type 'uint8_t' {aka 'unsigned char'}
  722 | HAL_StatusTypeDef HAL_UART_Transmit(UART_HandleTypeDef *huart, const uint8_t *pData, uint16_t Size, uint32_t Timeout);
      |                                                                ~~~~~~~~~~~~~~~^~~~~
arm-none-eabi-gcc -o "lab2.elf" @"objects.list"   -mcpu=cortex-m4 -T"C:\Users\chan1017\Desktop\SC2104\lab2\STM32F407VETX_FLASH.ld" --specs=nosys.specs -Wl,-Map="lab2.map" -Wl,--gc-sections -static -u _printf_float --specs=nano.specs -mfpu=fpv4-sp-d16 -mfloat-abi=hard -mthumb -Wl,--start-group -lc -lm -Wl,--end-group
Finished building target: lab2.elf
 
arm-none-eabi-size   lab2.elf 
arm-none-eabi-objdump -h -S  lab2.elf  > "lab2.list"
   text	   data	    bss	    dec	    hex	filename
  32284	    484	   1764	  34532	   86e4	lab2.elf
Finished building: default.size.stdout
 
Finished building: lab2.list
 
16:38:11 **** Incremental Build of configuration Debug for project lab2 ****
make -j16 all 
arm-none-eabi-size   lab2.elf 
   text	   data	    bss	    dec	    hex	filename
  32284	    484	   1764	  34532	   86e4	lab2.elf
Finished building: default.size.stdout
 
16:41:31 **** Incremental Build of configuration Debug for project lab2 ****
make -j16 all 
arm-none-eabi-gcc "../Core/Src/main.c" -mcpu=cortex-m4 -std=gnu11 -g3 -DDEBUG -DUSE_HAL_DRIVER -DSTM32F407xx -c -I../Core/Inc -I../Drivers/STM32F4xx_HAL_Driver/Inc -I../Drivers/STM32F4xx_HAL_Driver/Inc/Legacy -I../Drivers/CMSIS/Device/ST/STM32F4xx/Include -I../Drivers/CMSIS/Include -O0 -ffunction-sections -fdata-sections -Wall -fstack-usage -MMD -MP -MF"Core/Src/main.d" -MT"Core/Src/main.o" --specs=nano.specs -mfpu=fpv4-sp-d16 -mfloat-abi=hard -mthumb -o "Core/Src/main.o"
../Core/Src/main.c: In function 'main':
../Core/Src/main.c:97:3: warning: implicit declaration of function 'IMU_Initialise' [-Wimplicit-function-declaration]
   97 |   IMU_Initialise(&imu,&hi2c1,&huart3);
      |   ^~~~~~~~~~~~~~
../Core/Src/main.c:112:4: warning: implicit declaration of function 'IMU_AccelRead' [-Wimplicit-function-declaration]
  112 |    IMU_AccelRead(&imu);
      |    ^~~~~~~~~~~~~
../Core/Src/main.c:113:7: warning: implicit declaration of function 'IMU_GyroRead'; did you mean 'IMU_TempRead'? [-Wimplicit-function-declaration]
  113 |       IMU_GyroRead(&imu);
      |       ^~~~~~~~~~~~
      |       IMU_TempRead
../Core/Src/main.c:114:16: warning: implicit declaration of function 'atan' [-Wimplicit-function-declaration]
  114 |       pitchA = atan(imu.acc[1]/imu.acc[2]);
      |                ^~~~
../Core/Src/main.c:114:16: warning: incompatible implicit declaration of built-in function 'atan'
../Core/Src/main.c:22:1: note: include '<math.h>' or provide a declaration of 'atan'
   21 | #include "ICM20948.h"
  +++ |+#include <math.h>
   22 | 
../Core/Src/main.c:126:7: warning: implicit declaration of function 'sprintf' [-Wimplicit-function-declaration]
  126 |       sprintf(&temp[2], "%5.2f", pitchA);
      |       ^~~~~~~
../Core/Src/main.c:126:7: warning: incompatible implicit declaration of built-in function 'sprintf'
../Core/Src/main.c:22:1: note: include '<stdio.h>' or provide a declaration of 'sprintf'
   21 | #include "ICM20948.h"
  +++ |+#include <stdio.h>
   22 | 
../Core/Src/main.c:126:15: warning: pointer targets in passing argument 1 of 'sprintf' differ in signedness [-Wpointer-sign]
  126 |       sprintf(&temp[2], "%5.2f", pitchA);
      |               ^~~~~~~~
      |               |
      |               uint8_t * {aka unsigned char *}
../Core/Src/main.c:126:15: note: expected 'char *' but argument is of type 'uint8_t *' {aka 'unsigned char *'}
../Core/Src/main.c:127:15: warning: pointer targets in passing argument 1 of 'sprintf' differ in signedness [-Wpointer-sign]
  127 |       sprintf(&temp[10], "%5.2f", rollA);
      |               ^~~~~~~~~
      |               |
      |               uint8_t * {aka unsigned char *}
../Core/Src/main.c:127:15: note: expected 'char *' but argument is of type 'uint8_t *' {aka 'unsigned char *'}
../Core/Src/main.c:132:15: warning: pointer targets in passing argument 1 of 'sprintf' differ in signedness [-Wpointer-sign]
  132 |       sprintf(&finalData[2], "%5.2f", combinedP);
      |               ^~~~~~~~~~~~~
      |               |
      |               uint8_t * {aka unsigned char *}
../Core/Src/main.c:132:15: note: expected 'char *' but argument is of type 'uint8_t *' {aka 'unsigned char *'}
../Core/Src/main.c:133:15: warning: pointer targets in passing argument 1 of 'sprintf' differ in signedness [-Wpointer-sign]
  133 |       sprintf(&finalData[10], "%5.2f", combinedR);
      |               ^~~~~~~~~~~~~~
      |               |
      |               uint8_t * {aka unsigned char *}
../Core/Src/main.c:133:15: note: expected 'char *' but argument is of type 'uint8_t *' {aka 'unsigned char *'}
../Core/Src/main.c:141:15: warning: passing argument 1 of 'sprintf' from incompatible pointer type [-Wincompatible-pointer-types]
  141 |       sprintf(&testPitch, "%5.2f", pitchG);
      |               ^~~~~~~~~~
      |               |
      |               uint8_t (*)[8] {aka unsigned char (*)[8]}
../Core/Src/main.c:141:15: note: expected 'char *' but argument is of type 'uint8_t (*)[8]' {aka 'unsigned char (*)[8]'}
../Core/Src/main.c:143:15: warning: passing argument 1 of 'sprintf' from incompatible pointer type [-Wincompatible-pointer-types]
  143 |       sprintf(&testRoll, "%5.2f", rollG);
      |               ^~~~~~~~~
      |               |
      |               uint8_t (*)[8] {aka unsigned char (*)[8]}
../Core/Src/main.c:143:15: note: expected 'char *' but argument is of type 'uint8_t (*)[8]' {aka 'unsigned char (*)[8]'}
arm-none-eabi-gcc -o "lab2.elf" @"objects.list"   -mcpu=cortex-m4 -T"C:\Users\chan1017\Desktop\SC2104\lab2\STM32F407VETX_FLASH.ld" --specs=nosys.specs -Wl,-Map="lab2.map" -Wl,--gc-sections -static -u _printf_float --specs=nano.specs -mfpu=fpv4-sp-d16 -mfloat-abi=hard -mthumb -Wl,--start-group -lc -lm -Wl,--end-group
Finished building target: lab2.elf
 
arm-none-eabi-size   lab2.elf 
arm-none-eabi-objdump -h -S  lab2.elf  > "lab2.list"
   text	   data	    bss	    dec	    hex	filename
  32332	    484	   1764	  34580	   8714	lab2.elf
Finished building: default.size.stdout
 
Finished building: lab2.list
 
16:41:35 **** Incremental Build of configuration Debug for project lab2 ****
make -j16 all 
arm-none-eabi-size   lab2.elf 
   text	   data	    bss	    dec	    hex	filename
  32332	    484	   1764	  34580	   8714	lab2.elf
Finished building: default.size.stdout
 
16:43:11 **** Incremental Build of configuration Debug for project lab2 ****
make -j16 all 
arm-none-eabi-gcc "../Core/Src/main.c" -mcpu=cortex-m4 -std=gnu11 -g3 -DDEBUG -DUSE_HAL_DRIVER -DSTM32F407xx -c -I../Core/Inc -I../Drivers/STM32F4xx_HAL_Driver/Inc -I../Drivers/STM32F4xx_HAL_Driver/Inc/Legacy -I../Drivers/CMSIS/Device/ST/STM32F4xx/Include -I../Drivers/CMSIS/Include -O0 -ffunction-sections -fdata-sections -Wall -fstack-usage -MMD -MP -MF"Core/Src/main.d" -MT"Core/Src/main.o" --specs=nano.specs -mfpu=fpv4-sp-d16 -mfloat-abi=hard -mthumb -o "Core/Src/main.o"
../Core/Src/main.c: In function 'main':
../Core/Src/main.c:97:3: warning: implicit declaration of function 'IMU_Initialise' [-Wimplicit-function-declaration]
   97 |   IMU_Initialise(&imu,&hi2c1,&huart3);
      |   ^~~~~~~~~~~~~~
../Core/Src/main.c:113:4: warning: implicit declaration of function 'IMU_AccelRead' [-Wimplicit-function-declaration]
  113 |    IMU_AccelRead(&imu);
      |    ^~~~~~~~~~~~~
../Core/Src/main.c:114:7: warning: implicit declaration of function 'IMU_GyroRead'; did you mean 'IMU_TempRead'? [-Wimplicit-function-declaration]
  114 |       IMU_GyroRead(&imu);
      |       ^~~~~~~~~~~~
      |       IMU_TempRead
../Core/Src/main.c:115:16: warning: implicit declaration of function 'atan' [-Wimplicit-function-declaration]
  115 |       pitchA = atan(imu.acc[1]/imu.acc[2]);
      |                ^~~~
../Core/Src/main.c:115:16: warning: incompatible implicit declaration of built-in function 'atan'
../Core/Src/main.c:22:1: note: include '<math.h>' or provide a declaration of 'atan'
   21 | #include "ICM20948.h"
  +++ |+#include <math.h>
   22 | 
../Core/Src/main.c:127:7: warning: implicit declaration of function 'sprintf' [-Wimplicit-function-declaration]
  127 |       sprintf(&temp[2], "%5.2f", pitchA);
      |       ^~~~~~~
../Core/Src/main.c:127:7: warning: incompatible implicit declaration of built-in function 'sprintf'
../Core/Src/main.c:22:1: note: include '<stdio.h>' or provide a declaration of 'sprintf'
   21 | #include "ICM20948.h"
  +++ |+#include <stdio.h>
   22 | 
../Core/Src/main.c:127:15: warning: pointer targets in passing argument 1 of 'sprintf' differ in signedness [-Wpointer-sign]
  127 |       sprintf(&temp[2], "%5.2f", pitchA);
      |               ^~~~~~~~
      |               |
      |               uint8_t * {aka unsigned char *}
../Core/Src/main.c:127:15: note: expected 'char *' but argument is of type 'uint8_t *' {aka 'unsigned char *'}
../Core/Src/main.c:128:15: warning: pointer targets in passing argument 1 of 'sprintf' differ in signedness [-Wpointer-sign]
  128 |       sprintf(&temp[10], "%5.2f", rollA);
      |               ^~~~~~~~~
      |               |
      |               uint8_t * {aka unsigned char *}
../Core/Src/main.c:128:15: note: expected 'char *' but argument is of type 'uint8_t *' {aka 'unsigned char *'}
../Core/Src/main.c:133:15: warning: pointer targets in passing argument 1 of 'sprintf' differ in signedness [-Wpointer-sign]
  133 |       sprintf(&finalData[2], "%5.2f", combinedP);
      |               ^~~~~~~~~~~~~
      |               |
      |               uint8_t * {aka unsigned char *}
../Core/Src/main.c:133:15: note: expected 'char *' but argument is of type 'uint8_t *' {aka 'unsigned char *'}
../Core/Src/main.c:134:15: warning: pointer targets in passing argument 1 of 'sprintf' differ in signedness [-Wpointer-sign]
  134 |       sprintf(&finalData[10], "%5.2f", combinedR);
      |               ^~~~~~~~~~~~~~
      |               |
      |               uint8_t * {aka unsigned char *}
../Core/Src/main.c:134:15: note: expected 'char *' but argument is of type 'uint8_t *' {aka 'unsigned char *'}
../Core/Src/main.c:142:15: warning: passing argument 1 of 'sprintf' from incompatible pointer type [-Wincompatible-pointer-types]
  142 |       sprintf(&testPitch, "%5.2f", pitchG);
      |               ^~~~~~~~~~
      |               |
      |               uint8_t (*)[8] {aka unsigned char (*)[8]}
../Core/Src/main.c:142:15: note: expected 'char *' but argument is of type 'uint8_t (*)[8]' {aka 'unsigned char (*)[8]'}
../Core/Src/main.c:144:15: warning: pointer targets in passing argument 1 of 'sprintf' differ in signedness [-Wpointer-sign]
  144 |       sprintf(&testRoll[1], "%5.2f", rollG);
      |               ^~~~~~~~~~~~
      |               |
      |               uint8_t * {aka unsigned char *}
../Core/Src/main.c:144:15: note: expected 'char *' but argument is of type 'uint8_t *' {aka 'unsigned char *'}
arm-none-eabi-gcc -o "lab2.elf" @"objects.list"   -mcpu=cortex-m4 -T"C:\Users\chan1017\Desktop\SC2104\lab2\STM32F407VETX_FLASH.ld" --specs=nosys.specs -Wl,-Map="lab2.map" -Wl,--gc-sections -static -u _printf_float --specs=nano.specs -mfpu=fpv4-sp-d16 -mfloat-abi=hard -mthumb -Wl,--start-group -lc -lm -Wl,--end-group
Finished building target: lab2.elf
 
arm-none-eabi-size   lab2.elf 
arm-none-eabi-objdump -h -S  lab2.elf  > "lab2.list"
   text	   data	    bss	    dec	    hex	filename
  32340	    484	   1764	  34588	   871c	lab2.elf
Finished building: default.size.stdout
 
Finished building: lab2.list
 
16:43:15 **** Incremental Build of configuration Debug for project lab2 ****
make -j16 all 
arm-none-eabi-size   lab2.elf 
   text	   data	    bss	    dec	    hex	filename
  32340	    484	   1764	  34588	   871c	lab2.elf
Finished building: default.size.stdout
 
16:44:54 **** Incremental Build of configuration Debug for project lab2 ****
make -j16 all 
arm-none-eabi-gcc "../Core/Src/main.c" -mcpu=cortex-m4 -std=gnu11 -g3 -DDEBUG -DUSE_HAL_DRIVER -DSTM32F407xx -c -I../Core/Inc -I../Drivers/STM32F4xx_HAL_Driver/Inc -I../Drivers/STM32F4xx_HAL_Driver/Inc/Legacy -I../Drivers/CMSIS/Device/ST/STM32F4xx/Include -I../Drivers/CMSIS/Include -O0 -ffunction-sections -fdata-sections -Wall -fstack-usage -MMD -MP -MF"Core/Src/main.d" -MT"Core/Src/main.o" --specs=nano.specs -mfpu=fpv4-sp-d16 -mfloat-abi=hard -mthumb -o "Core/Src/main.o"
../Core/Src/main.c: In function 'main':
../Core/Src/main.c:97:3: warning: implicit declaration of function 'IMU_Initialise' [-Wimplicit-function-declaration]
   97 |   IMU_Initialise(&imu,&hi2c1,&huart3);
      |   ^~~~~~~~~~~~~~
../Core/Src/main.c:112:4: warning: implicit declaration of function 'IMU_AccelRead' [-Wimplicit-function-declaration]
  112 |    IMU_AccelRead(&imu);
      |    ^~~~~~~~~~~~~
../Core/Src/main.c:113:7: warning: implicit declaration of function 'IMU_GyroRead'; did you mean 'IMU_TempRead'? [-Wimplicit-function-declaration]
  113 |       IMU_GyroRead(&imu);
      |       ^~~~~~~~~~~~
      |       IMU_TempRead
../Core/Src/main.c:114:16: warning: implicit declaration of function 'atan' [-Wimplicit-function-declaration]
  114 |       pitchA = atan(imu.acc[1]/imu.acc[2]);
      |                ^~~~
../Core/Src/main.c:114:16: warning: incompatible implicit declaration of built-in function 'atan'
../Core/Src/main.c:22:1: note: include '<math.h>' or provide a declaration of 'atan'
   21 | #include "ICM20948.h"
  +++ |+#include <math.h>
   22 | 
../Core/Src/main.c:126:7: warning: implicit declaration of function 'sprintf' [-Wimplicit-function-declaration]
  126 |       sprintf(&temp[2], "%5.2f", pitchA);
      |       ^~~~~~~
../Core/Src/main.c:126:7: warning: incompatible implicit declaration of built-in function 'sprintf'
../Core/Src/main.c:22:1: note: include '<stdio.h>' or provide a declaration of 'sprintf'
   21 | #include "ICM20948.h"
  +++ |+#include <stdio.h>
   22 | 
../Core/Src/main.c:126:15: warning: pointer targets in passing argument 1 of 'sprintf' differ in signedness [-Wpointer-sign]
  126 |       sprintf(&temp[2], "%5.2f", pitchA);
      |               ^~~~~~~~
      |               |
      |               uint8_t * {aka unsigned char *}
../Core/Src/main.c:126:15: note: expected 'char *' but argument is of type 'uint8_t *' {aka 'unsigned char *'}
../Core/Src/main.c:127:15: warning: pointer targets in passing argument 1 of 'sprintf' differ in signedness [-Wpointer-sign]
  127 |       sprintf(&temp[10], "%5.2f", rollA);
      |               ^~~~~~~~~
      |               |
      |               uint8_t * {aka unsigned char *}
../Core/Src/main.c:127:15: note: expected 'char *' but argument is of type 'uint8_t *' {aka 'unsigned char *'}
../Core/Src/main.c:132:15: warning: pointer targets in passing argument 1 of 'sprintf' differ in signedness [-Wpointer-sign]
  132 |       sprintf(&finalData[2], "%5.2f", combinedP);
      |               ^~~~~~~~~~~~~
      |               |
      |               uint8_t * {aka unsigned char *}
../Core/Src/main.c:132:15: note: expected 'char *' but argument is of type 'uint8_t *' {aka 'unsigned char *'}
../Core/Src/main.c:133:15: warning: pointer targets in passing argument 1 of 'sprintf' differ in signedness [-Wpointer-sign]
  133 |       sprintf(&finalData[10], "%5.2f", combinedR);
      |               ^~~~~~~~~~~~~~
      |               |
      |               uint8_t * {aka unsigned char *}
../Core/Src/main.c:133:15: note: expected 'char *' but argument is of type 'uint8_t *' {aka 'unsigned char *'}
../Core/Src/main.c:140:15: warning: passing argument 1 of 'sprintf' from incompatible pointer type [-Wincompatible-pointer-types]
  140 |       sprintf(&testPitch, "%5.2f", pitchG);
      |               ^~~~~~~~~~
      |               |
      |               uint8_t (*)[8] {aka unsigned char (*)[8]}
../Core/Src/main.c:140:15: note: expected 'char *' but argument is of type 'uint8_t (*)[8]' {aka 'unsigned char (*)[8]'}
../Core/Src/main.c:142:15: warning: passing argument 1 of 'sprintf' from incompatible pointer type [-Wincompatible-pointer-types]
  142 |       sprintf(&testRoll, "%5.2f", rollG);
      |               ^~~~~~~~~
      |               |
      |               uint8_t (*)[8] {aka unsigned char (*)[8]}
../Core/Src/main.c:142:15: note: expected 'char *' but argument is of type 'uint8_t (*)[8]' {aka 'unsigned char (*)[8]'}
arm-none-eabi-gcc -o "lab2.elf" @"objects.list"   -mcpu=cortex-m4 -T"C:\Users\chan1017\Desktop\SC2104\lab2\STM32F407VETX_FLASH.ld" --specs=nosys.specs -Wl,-Map="lab2.map" -Wl,--gc-sections -static -u _printf_float --specs=nano.specs -mfpu=fpv4-sp-d16 -mfloat-abi=hard -mthumb -Wl,--start-group -lc -lm -Wl,--end-group
Finished building target: lab2.elf
 
arm-none-eabi-size   lab2.elf 
arm-none-eabi-objdump -h -S  lab2.elf  > "lab2.list"
   text	   data	    bss	    dec	    hex	filename
  32332	    484	   1764	  34580	   8714	lab2.elf
Finished building: default.size.stdout
 
Finished building: lab2.list
 
16:44:58 **** Incremental Build of configuration Debug for project lab2 ****
make -j16 all 
arm-none-eabi-size   lab2.elf 
   text	   data	    bss	    dec	    hex	filename
  32332	    484	   1764	  34580	   8714	lab2.elf
Finished building: default.size.stdout
 
16:46:24 **** Incremental Build of configuration Debug for project lab2 ****
make -j16 all 
arm-none-eabi-gcc "../Core/Src/main.c" -mcpu=cortex-m4 -std=gnu11 -g3 -DDEBUG -DUSE_HAL_DRIVER -DSTM32F407xx -c -I../Core/Inc -I../Drivers/STM32F4xx_HAL_Driver/Inc -I../Drivers/STM32F4xx_HAL_Driver/Inc/Legacy -I../Drivers/CMSIS/Device/ST/STM32F4xx/Include -I../Drivers/CMSIS/Include -O0 -ffunction-sections -fdata-sections -Wall -fstack-usage -MMD -MP -MF"Core/Src/main.d" -MT"Core/Src/main.o" --specs=nano.specs -mfpu=fpv4-sp-d16 -mfloat-abi=hard -mthumb -o "Core/Src/main.o"
../Core/Src/main.c: In function 'main':
../Core/Src/main.c:97:3: warning: implicit declaration of function 'IMU_Initialise' [-Wimplicit-function-declaration]
   97 |   IMU_Initialise(&imu,&hi2c1,&huart3);
      |   ^~~~~~~~~~~~~~
../Core/Src/main.c:109:4: warning: implicit declaration of function 'IMU_AccelRead' [-Wimplicit-function-declaration]
  109 |    IMU_AccelRead(&imu);
      |    ^~~~~~~~~~~~~
../Core/Src/main.c:110:7: warning: implicit declaration of function 'IMU_GyroRead'; did you mean 'IMU_TempRead'? [-Wimplicit-function-declaration]
  110 |       IMU_GyroRead(&imu);
      |       ^~~~~~~~~~~~
      |       IMU_TempRead
../Core/Src/main.c:111:16: warning: implicit declaration of function 'atan' [-Wimplicit-function-declaration]
  111 |       pitchA = atan(imu.acc[1]/imu.acc[2]);
      |                ^~~~
../Core/Src/main.c:111:16: warning: incompatible implicit declaration of built-in function 'atan'
../Core/Src/main.c:22:1: note: include '<math.h>' or provide a declaration of 'atan'
   21 | #include "ICM20948.h"
  +++ |+#include <math.h>
   22 | 
../Core/Src/main.c:123:7: warning: implicit declaration of function 'sprintf' [-Wimplicit-function-declaration]
  123 |       sprintf(&temp[2], "%5.2f", pitchA);
      |       ^~~~~~~
../Core/Src/main.c:123:7: warning: incompatible implicit declaration of built-in function 'sprintf'
../Core/Src/main.c:22:1: note: include '<stdio.h>' or provide a declaration of 'sprintf'
   21 | #include "ICM20948.h"
  +++ |+#include <stdio.h>
   22 | 
../Core/Src/main.c:123:15: warning: pointer targets in passing argument 1 of 'sprintf' differ in signedness [-Wpointer-sign]
  123 |       sprintf(&temp[2], "%5.2f", pitchA);
      |               ^~~~~~~~
      |               |
      |               uint8_t * {aka unsigned char *}
../Core/Src/main.c:123:15: note: expected 'char *' but argument is of type 'uint8_t *' {aka 'unsigned char *'}
../Core/Src/main.c:124:15: warning: pointer targets in passing argument 1 of 'sprintf' differ in signedness [-Wpointer-sign]
  124 |       sprintf(&temp[10], "%5.2f", rollA);
      |               ^~~~~~~~~
      |               |
      |               uint8_t * {aka unsigned char *}
../Core/Src/main.c:124:15: note: expected 'char *' but argument is of type 'uint8_t *' {aka 'unsigned char *'}
../Core/Src/main.c:129:15: warning: pointer targets in passing argument 1 of 'sprintf' differ in signedness [-Wpointer-sign]
  129 |       sprintf(&finalData[2], "%5.2f", combinedP);
      |               ^~~~~~~~~~~~~
      |               |
      |               uint8_t * {aka unsigned char *}
../Core/Src/main.c:129:15: note: expected 'char *' but argument is of type 'uint8_t *' {aka 'unsigned char *'}
../Core/Src/main.c:130:15: warning: pointer targets in passing argument 1 of 'sprintf' differ in signedness [-Wpointer-sign]
  130 |       sprintf(&finalData[10], "%5.2f", combinedR);
      |               ^~~~~~~~~~~~~~
      |               |
      |               uint8_t * {aka unsigned char *}
../Core/Src/main.c:130:15: note: expected 'char *' but argument is of type 'uint8_t *' {aka 'unsigned char *'}
../Core/Src/main.c:136:15: warning: pointer targets in passing argument 1 of 'sprintf' differ in signedness [-Wpointer-sign]
  136 |       sprintf(&temp[18], "%5.2f", pitchG);
      |               ^~~~~~~~~
      |               |
      |               uint8_t * {aka unsigned char *}
../Core/Src/main.c:136:15: note: expected 'char *' but argument is of type 'uint8_t *' {aka 'unsigned char *'}
../Core/Src/main.c:137:15: warning: pointer targets in passing argument 1 of 'sprintf' differ in signedness [-Wpointer-sign]
  137 |       sprintf(&temp[26], "%5.2f", rollG);
      |               ^~~~~~~~~
      |               |
      |               uint8_t * {aka unsigned char *}
../Core/Src/main.c:137:15: note: expected 'char *' but argument is of type 'uint8_t *' {aka 'unsigned char *'}
arm-none-eabi-gcc -o "lab2.elf" @"objects.list"   -mcpu=cortex-m4 -T"C:\Users\chan1017\Desktop\SC2104\lab2\STM32F407VETX_FLASH.ld" --specs=nosys.specs -Wl,-Map="lab2.map" -Wl,--gc-sections -static -u _printf_float --specs=nano.specs -mfpu=fpv4-sp-d16 -mfloat-abi=hard -mthumb -Wl,--start-group -lc -lm -Wl,--end-group
Finished building target: lab2.elf
 
arm-none-eabi-size   lab2.elf 
arm-none-eabi-objdump -h -S  lab2.elf  > "lab2.list"
   text	   data	    bss	    dec	    hex	filename
  32276	    484	   1764	  34524	   86dc	lab2.elf
Finished building: default.size.stdout
 
Finished building: lab2.list
 
16:46:29 **** Incremental Build of configuration Debug for project lab2 ****
make -j16 all 
arm-none-eabi-size   lab2.elf 
   text	   data	    bss	    dec	    hex	filename
  32276	    484	   1764	  34524	   86dc	lab2.elf
Finished building: default.size.stdout
 
